<?xml version="1.0" encoding="UTF-8"?>
<robot generator="Robot 6.1.1 (Python 3.11.4 on win32)" generated="20231227 17:48:40.611" rpa="false" schemaversion="4">
<suite id="s1" name="Calendar Android.CreateGoalsTest" source="C:\Users\SPURGE\PycharmProjects\Calendar_Mobile_App_Test\Test\Calendar_Android.CreateGoalsTest.robot">
<test id="s1-t1" name="Open Application" line="24">
<kw name="Open Application" library="AppiumLibrary">
<arg>http://localhost:4723/wd/hub</arg>
<arg>platformName=Android</arg>
<arg>deviceName=emulator-5554</arg>
<arg>appPackage=com.google.android.calendar</arg>
<arg>appActivity=com.android.calendar.LaunchActivity</arg>
<arg>automationName=UiAutomator2</arg>
<doc>Opens a new application to given Appium server.
Capabilities of appium server, Android and iOS,
Please check https://github.com/appium/appium/blob/master/docs/en/writing-running-appium/server-args.md
| *Option*            | *Man.* | *Description*     |
| remote_url          | Yes    | Appium server url |
| alias               | no     | alias             |
| strict_ssl          | No     | allows you to send commands to an invalid certificate host like a self-signed one. |</doc>
<status status="PASS" starttime="20231227 17:48:40.957" endtime="20231227 17:48:51.345"/>
</kw>
<kw name="Wait Until Page Contains Element" library="AppiumLibrary">
<arg>${CAL_NEXT_ARROW}</arg>
<doc>Waits until element specified with `locator` appears on current page.</doc>
<msg timestamp="20231227 17:48:52.156" level="INFO">criteria is com.google.android.calendar:id/next_arrow
criteria is com.google.android.calendar:id/next_arrow</msg>
<status status="PASS" starttime="20231227 17:48:51.346" endtime="20231227 17:48:52.158"/>
</kw>
<kw name="Click Element" library="AppiumLibrary">
<arg>${CAL_NEXT_ARROW}</arg>
<doc>Click element identified by `locator`.</doc>
<msg timestamp="20231227 17:48:52.162" level="INFO">Clicking element 'com.google.android.calendar:id/next_arrow'.</msg>
<msg timestamp="20231227 17:48:53.043" level="INFO">criteria is com.google.android.calendar:id/next_arrow</msg>
<status status="PASS" starttime="20231227 17:48:52.158" endtime="20231227 17:48:53.045"/>
</kw>
<kw name="Wait Until Page Contains Element" library="AppiumLibrary">
<arg>${CAL_GOT_IT}</arg>
<doc>Waits until element specified with `locator` appears on current page.</doc>
<msg timestamp="20231227 17:48:53.180" level="INFO">criteria is com.google.android.calendar:id/oobe_done_button</msg>
<status status="PASS" starttime="20231227 17:48:53.046" endtime="20231227 17:48:53.181"/>
</kw>
<kw name="Click Element" library="AppiumLibrary">
<arg>${CAL_GOT_IT}</arg>
<doc>Click element identified by `locator`.</doc>
<msg timestamp="20231227 17:48:53.184" level="INFO">Clicking element 'com.google.android.calendar:id/oobe_done_button'.</msg>
<msg timestamp="20231227 17:48:54.235" level="INFO">criteria is com.google.android.calendar:id/oobe_done_button</msg>
<status status="PASS" starttime="20231227 17:48:53.181" endtime="20231227 17:48:54.236"/>
</kw>
<kw name="Wait Until Page Contains Element" library="AppiumLibrary">
<arg>${CLICK_ON_PLUS}</arg>
<doc>Waits until element specified with `locator` appears on current page.</doc>
<msg timestamp="20231227 17:48:56.756" level="INFO">criteria is com.google.android.calendar:id/floating_action_button
criteria is com.google.android.calendar:id/floating_action_button
criteria is com.google.android.calendar:id/floating_action_button</msg>
<status status="PASS" starttime="20231227 17:48:54.236" endtime="20231227 17:48:56.756"/>
</kw>
<kw name="Click Element" library="AppiumLibrary">
<arg>${CLICK_ON_PLUS}</arg>
<doc>Click element identified by `locator`.</doc>
<msg timestamp="20231227 17:48:56.759" level="INFO">Clicking element 'com.google.android.calendar:id/floating_action_button'.</msg>
<msg timestamp="20231227 17:48:57.451" level="INFO">criteria is com.google.android.calendar:id/floating_action_button</msg>
<status status="PASS" starttime="20231227 17:48:56.757" endtime="20231227 17:48:57.451"/>
</kw>
<kw name="Wait Until Page Contains Element" library="AppiumLibrary">
<arg>${CLICK_ON_GOALS}</arg>
<doc>Waits until element specified with `locator` appears on current page.</doc>
<msg timestamp="20231227 17:49:03.288" level="INFO">&lt;?xml version='1.0' encoding='UTF-8' standalone='yes' ?&gt;
&lt;hierarchy index="0" class="hierarchy" rotation="0" width="1080" height="1878"&gt;
  &lt;android.widget.FrameLayout index="0" package="com.google.android.calendar" class="android.widget.FrameLayout" text="" checkable="false" checked="false" clickable="false" enabled="true" focusable="false" focused="false" long-clickable="false" password="false" scrollable="false" selected="false" bounds="[0,0][1080,1878]" displayed="true"&gt;
    &lt;android.widget.LinearLayout index="0" package="com.google.android.calendar" class="android.widget.LinearLayout" text="" checkable="false" checked="false" clickable="false" enabled="true" focusable="false" focused="false" long-clickable="false" password="false" scrollable="false" selected="false" bounds="[0,0][1080,1878]" displayed="true"&gt;
      &lt;android.widget.FrameLayout index="0" package="com.google.android.calendar" class="android.widget.FrameLayout" text="" checkable="false" checked="false" clickable="false" enabled="true" focusable="false" focused="false" long-clickable="false" password="false" scrollable="false" selected="false" bounds="[0,0][1080,1878]" displayed="true"&gt;
        &lt;android.widget.LinearLayout index="0" package="com.google.android.calendar" class="android.widget.LinearLayout" text="" resource-id="com.google.android.calendar:id/action_bar_root" checkable="false" checked="false" clickable="false" enabled="true" focusable="false" focused="false" long-clickable="false" password="false" scrollable="false" selected="false" bounds="[0,0][1080,1878]" displayed="true"&gt;
          &lt;android.widget.FrameLayout index="0" package="com.google.android.calendar" class="android.widget.FrameLayout" text="" resource-id="android:id/content" checkable="false" checked="false" clickable="false" enabled="true" focusable="false" focused="false" long-clickable="false" password="false" scrollable="false" selected="false" bounds="[0,0][1080,1878]" displayed="true"&gt;
            &lt;androidx.drawerlayout.widget.DrawerLayout index="0" package="com.google.android.calendar" class="androidx.drawerlayout.widget.DrawerLayout" text="" resource-id="com.google.android.calendar:id/drawer_layout" checkable="false" checked="false" clickable="false" enabled="true" focusable="false" focused="false" long-clickable="false" password="false" scrollable="false" selected="false" bounds="[0,0][1080,1878]" displayed="true"&gt;
              &lt;android.widget.FrameLayout index="0" package="com.google.android.calendar" class="android.widget.FrameLayout" text="" checkable="false" checked="false" clickable="false" enabled="true" focusable="false" focused="false" long-clickable="false" password="false" scrollable="false" selected="false" bounds="[0,0][1080,1878]" displayed="true"&gt;
                &lt;android.widget.FrameLayout index="0" package="com.google.android.calendar" class="android.widget.FrameLayout" text="" resource-id="com.google.android.calendar:id/bottom_sheet_frame" checkable="false" checked="false" clickable="false" enabled="true" focusable="false" focused="false" long-clickable="false" password="false" scrollable="false" selected="false" bounds="[0,0][1080,1878]" displayed="true" /&gt;
                &lt;android.widget.LinearLayout index="1" package="com.google.android.calendar" class="android.widget.LinearLayout" text="" checkable="false" checked="false" clickable="false" enabled="true" focusable="false" focused="false" long-clickable="false" password="false" scrollable="false" selected="false" bounds="[0,0][1080,1878]" displayed="true"&gt;
                  &lt;android.widget.FrameLayout index="0" package="com.google.android.calendar" class="android.widget.FrameLayout" text="" resource-id="com.google.android.calendar:id/header" checkable="false" checked="false" clickable="false" enabled="true" focusable="false" focused="false" long-clickable="false" password="false" scrollable="false" selected="false" bounds="[0,0][1080,231]" displayed="true"&gt;
                    &lt;android.view.ViewGroup index="0" package="com.google.android.calendar" class="android.view.ViewGroup" text="" resource-id="com.google.android.calendar:id/toolbar" checkable="false" checked="false" clickable="false" enabled="true" focusable="false" focused="false" long-clickable="false" password="false" scrollable="false" selected="false" bounds="[0,63][1080,231]" displayed="true"&gt;
                      &lt;android.widget.ImageButton index="0" package="com.google.android.calendar" class="android.widget.ImageButton" text="" content-desc="Show Calendar List and Settings drawer" checkable="false" checked="false" clickable="true" enabled="true" focusable="true" focused="false" long-clickable="false" password="false" scrollable="false" selected="false" bounds="[11,73][158,220]" displayed="true" /&gt;
                      &lt;android.widget.ImageView index="1" package="com.google.android.calendar" class="android.widget.ImageView" text="" checkable="false" checked="false" clickable="false" enabled="true" focusable="false" focused="false" long-clickable="false" password="false" scrollable="false" selected="false" bounds="[158,146][159,147]" displayed="true" /&gt;
                      &lt;android.widget.LinearLayout index="2" package="com.google.android.calendar" class="android.widget.LinearLayout" text="" content-desc="December, Show date picker" resource-id="com.google.android.calendar:id/date_picker_button" checkable="false" checked="false" clickable="true" enabled="true" focusable="true" focused="false" long-clickable="false" password="false" scrollable="false" selected="false" bounds="[159,73][711,220]" displayed="true"&gt;
                        &lt;android.widget.FrameLayout index="0" package="com.google.android.calendar" class="android.widget.FrameLayout" text="" checkable="false" checked="false" clickable="false" enabled="true" focusable="false" focused="false" long-clickable="false" password="false" scrollable="false" selected="false" bounds="[169,73][486,220]" displayed="true"&gt;
                          &lt;android.widget.LinearLayout index="0" package="com.google.android.calendar" class="android.widget.LinearLayout" text="" resource-id="com.google.android.calendar:id/date_picker_content" checkable="false" checked="false" clickable="false" enabled="true" focusable="false" focused="false" long-clickable="false" password="false" scrollable="false" selected="false" bounds="[169,73][486,220]" displayed="true"&gt;
                            &lt;android.widget.LinearLayout index="0" package="com.google.android.calendar" class="android.widget.LinearLayout" text="" checkable="false" checked="false" clickable="false" enabled="true" focusable="false" focused="false" long-clickable="false" password="false" scrollable="false" selected="false" bounds="[169,73][486,220]" displayed="true"&gt;
                              &lt;android.widget.LinearLayout index="0" package="com.google.android.calendar" class="android.widget.LinearLayout" text="" checkable="false" checked="false" clickable="false" enabled="true" focusable="false" focused="false" long-clickable="false" password="false" scrollable="false" selected="false" bounds="[169,73][486,220]" displayed="true"&gt;
                                &lt;android.widget.TextView index="0" package="com.google.android.calendar" class="android.widget.TextView" text="December" resource-id="com.google.android.calendar:id/date_picker_text_view" checkable="false" checked="false" clickable="false" enabled="true" focusable="false" focused="false" long-clickable="false" password="false" scrollable="false" selected="false" bounds="[169,73][423,220]" displayed="true" /&gt;
                                &lt;android.widget.ImageView index="1" package="com.google.android.calendar" class="android.widget.ImageView" text="" resource-id="com.google.android.calendar:id/date_picker_arrow" checkable="false" checked="false" clickable="false" enabled="true" focusable="false" focused="false" long-clickable="false" password="false" scrollable="false" selected="false" bounds="[423,115][486,178]" displayed="true" /&gt;
                              &lt;/android.widget.LinearLayout&gt;
                            &lt;/android.widget.LinearLayout&gt;
                          &lt;/android.widget.LinearLayout&gt;
                        &lt;/android.widget.FrameLayout&gt;
                      &lt;/android.widget.LinearLayout&gt;
                      &lt;android.support.v7.widget.LinearLayoutCompat index="3" package="com.google.android.calendar" class="android.support.v7.widget.LinearLayoutCompat" text="" checkable="false" checked="false" clickable="false" enabled="true" focusable="false" focused="false" long-clickable="false" password="false" scrollable="false" selected="false" bounds="[721,73][1080,220]" displayed="true"&gt;
                        &lt;android.widget.TextView index="0" package="com.google.android.calendar" class="android.widget.TextView" text="" content-desc="Search" resource-id="com.google.android.calendar:id/action_search" checkable="false" checked="false" clickable="true" enabled="true" focusable="true" focused="false" long-clickable="false" password="false" scrollable="false" selected="false" bounds="[721,83][848,209]" displayed="true" /&gt;
                        &lt;android.widget.TextView index="1" package="com.google.android.calendar" class="android.widget.TextView" text="" content-desc="Jump to Today" resource-id="com.google.android.calendar:id/action_today" checkable="false" checked="false" clickable="true" enabled="true" focusable="true" focused="false" long-clickable="false" password="false" scrollable="false" selected="false" bounds="[848,83][975,209]" displayed="true" /&gt;
                        &lt;android.widget.ImageView index="2" package="com.google.android.calendar" class="android.widget.ImageView" text="" content-desc="More options" checkable="false" checked="false" clickable="true" enabled="true" focusable="true" focused="false" long-clickable="true" password="false" scrollable="false" selected="false" bounds="[975,83][1080,209]" displayed="true" /&gt;
                      &lt;/android.support.v7.widget.LinearLayoutCompat&gt;
                    &lt;/android.view.ViewGroup&gt;
                  &lt;/android.widget.FrameLayout&gt;
                  &lt;android.widget.FrameLayout index="1" package="com.google.android.calendar" class="android.widget.FrameLayout" text="" resource-id="com.google.android.calendar:id/main_pane" checkable="false" checked="false" clickable="false" enabled="true" focusable="false" focused="false" long-clickable="false" password="false" scrollable="false" selected="false" bounds="[0,231][1080,1878]" displayed="true"&gt;
                    &lt;android.widget.FrameLayout index="0" package="com.google.android.calendar" class="android.widget.FrameLayout" text="" resource-id="com.google.android.calendar:id/alternate_timeline_holder" checkable="false" checked="false" clickable="false" enabled="true" focusable="false" focused="false" long-clickable="false" password="false" scrollable="false" selected="false" bounds="[0,231][1080,1878]" displayed="true"&gt;
                      &lt;android.widget.FrameLayout index="0" package="com.google.android.calendar" class="android.widget.FrameLayout" text="" checkable="false" checked="false" clickable="false" enabled="true" focusable="false" focused="false" long-clickable="false" password="false" scrollable="false" selected="false" bounds="[0,231][1080,1878]" displayed="true"&gt;
                        &lt;android.view.View index="0" package="com.google.android.calendar" class="android.view.View" text="" resource-id="com.google.android.calendar:id/drag_up_view" checkable="false" checked="false" clickable="false" enabled="true" focusable="false" focused="false" long-clickable="false" password="false" scrollable="false" selected="false" bounds="[0,231][1080,1878]" displayed="true" /&gt;
                      &lt;/android.widget.FrameLayout&gt;
                      &lt;android.widget.FrameLayout index="1" package="com.google.android.calendar" class="android.widget.FrameLayout" text="" resource-id="com.google.android.calendar:id/alternate_timeline_fragment_container" checkable="false" checked="false" clickable="false" enabled="true" focusable="false" focused="false" long-clickable="false" password="false" scrollable="false" selected="false" bounds="[0,231][1080,1878]" displayed="true"&gt;
                        &lt;android.support.v7.widget.RecyclerView index="0" package="com.google.android.calendar" class="android.support.v7.widget.RecyclerView" text="" checkable="false" checked="false" clickable="false" enabled="true" focusable="false" focused="false" long-clickable="false" password="false" scrollable="false" selected="false" bounds="[0,231][1080,1878]" displayed="true"&gt;
                          &lt;android.view.View index="0" package="com.google.android.calendar" class="android.view.View" text="" content-desc="Wednesday 27 December 2023, Open Day View" checkable="false" checked="false" clickable="false" enabled="true" focusable="true" focused="false" long-clickable="false" password="false" scrollable="false" selected="false" bounds="[0,268][168,436]" displayed="true" /&gt;
                          &lt;android.view.View index="1" package="com.google.android.calendar" class="android.view.View" text="" content-desc="Nothing planned. Tap to create." checkable="false" checked="false" clickable="false" enabled="true" focusable="true" focused="false" long-clickable="false" password="false" scrollable="false" selected="false" bounds="[168,273][1038,441]" displayed="true" /&gt;
                          &lt;android.view.View index="2" package="com.google.android.calendar" class="android.view.View" text="" content-desc="" checkable="false" checked="false" clickable="false" enabled="true" focusable="false" focused="false" long-clickable="false" password="false" scrollable="false" selected="false" bounds="[0,273][1080,441]" displayed="true" /&gt;
                          &lt;android.view.View index="3" package="com.google.android.calendar" class="android.view.View" text="" content-desc="Dec 31, 2023 – Jan 6, 2024" checkable="false" checked="false" clickable="false" enabled="true" focusable="true" focused="false" long-clickable="false" password="false" scrollable="false" selected="false" bounds="[168,441][1080,496]" displayed="true" /&gt;
                          &lt;android.view.View index="4" package="com.google.android.calendar" class="android.view.View" text="" content-desc="Sunday 31 December 2023, Open Day View" checkable="false" checked="false" clickable="false" enabled="true" focusable="true" focused="false" long-clickable="false" password="false" scrollable="false" selected="false" bounds="[0,523][168,691]" displayed="true" /&gt;
                          &lt;android.view.View index="5" package="com.google.android.calendar" class="android.view.View" text="" content-desc="New Year's Eve, All day: " checkable="false" checked="false" clickable="false" enabled="true" focusable="true" focused="false" long-clickable="false" password="false" scrollable="false" selected="false" bounds="[168,528][1038,612]" displayed="true" /&gt;
                          &lt;android.view.View index="6" package="com.google.android.calendar" class="android.view.View" text="" content-desc="" checkable="false" checked="false" clickable="false" enabled="true" focusable="false" focused="false" long-clickable="false" password="false" scrollable="false" selected="false" bounds="[0,441][1080,696]" displayed="true" /&gt;
                          &lt;android.view.View index="7" package="com.google.android.calendar" class="android.view.View" text="" content-desc="January 2024" checkable="false" checked="false" clickable="false" enabled="true" focusable="true" focused="false" long-clickable="false" password="false" scrollable="false" selected="false" bounds="[0,696][1080,1169]" displayed="true" /&gt;
                          &lt;android.view.View index="8" package="com.google.android.calendar" class="android.view.View" text="" content-desc="Monday 01 January 2024, Open Day View" checkable="false" checked="false" clickable="false" enabled="true" focusable="true" focused="false" long-clickable="false" password="false" scrollable="false" selected="false" bounds="[0,1196][168,1364]" displayed="true" /&gt;
                          &lt;android.view.View index="9" package="com.google.android.calendar" class="android.view.View" text="" content-desc="New Year's Day, All day: " checkable="false" checked="false" clickable="false" enabled="true" focusable="true" focused="false" long-clickable="false" password="false" scrollable="false" selected="false" bounds="[168,1201][1038,1285]" displayed="true" /&gt;
                          &lt;android.view.View index="10" package="com.google.android.calendar" class="android.view.View" text="" content-desc="" checkable="false" checked="false" clickable="false" enabled="true" focusable="false" focused="false" long-clickable="false" password="false" scrollable="false" selected="false" bounds="[0,696][1080,1369]" displayed="true" /&gt;
                          &lt;android.view.View index="11" package="com.google.android.calendar" class="android.view.View" text="" content-desc="Jan 7 – 13, 2024" checkable="false" checked="false" clickable="false" enabled="true" focusable="true" focused="false" long-clickable="false" password="false" scrollable="false" selected="false" bounds="[168,1369][1080,1424]" displayed="true" /&gt;
                          &lt;android.view.View index="12" package="com.google.android.calendar" class="android.view.View" text="" content-desc="" checkable="false" checked="false" clickable="false" enabled="true" focusable="false" focused="false" long-clickable="false" password="false" scrollable="false" selected="false" bounds="[0,1369][1080,1456]" displayed="true" /&gt;
                          &lt;android.view.View index="13" package="com.google.android.calendar" class="android.view.View" text="" content-desc="Saturday 13 January 2024, Open Day View" checkable="false" checked="false" clickable="false" enabled="true" focusable="true" focused="false" long-clickable="false" password="false" scrollable="false" selected="false" bounds="[0,1451][168,1619]" displayed="true" /&gt;
                          &lt;android.view.View index="14" package="com.google.android.calendar" class="android.view.View" text="" content-desc="Lohri, All day: " checkable="false" checked="false" clickable="false" enabled="true" focusable="true" focused="false" long-clickable="false" password="false" scrollable="false" selected="false" bounds="[168,1456][1038,1540]" displayed="true" /&gt;
                          &lt;android.view.View index="15" package="com.google.android.calendar" class="android.view.View" text="" content-desc="" checkable="false" checked="false" clickable="false" enabled="true" focusable="false" focused="false" long-clickable="false" password="false" scrollable="false" selected="false" bounds="[0,1456][1080,1624]" displayed="true" /&gt;
                          &lt;android.view.View index="16" package="com.google.android.calendar" class="android.view.View" text="" content-desc="Jan 14 – 20, 2024" checkable="false" checked="false" clickable="false" enabled="true" focusable="true" focused="false" long-clickable="false" password="false" scrollable="false" selected="false" bounds="[168,1624][1080,1679]" displayed="true" /&gt;
                          &lt;android.view.View index="17" package="com.google.android.calendar" class="android.view.View" text="" content-desc="Sunday 14 January 2024, Open Day View" checkable="false" checked="false" clickable="false" enabled="true" focusable="true" focused="false" long-clickable="false" password="false" scrollable="false" selected="false" bounds="[0,1706][168,1874]" displayed="true" /&gt;
                          &lt;android.view.View index="18" package="com.google.android.calendar" class="android.view.View" text="" content-desc="Makar Sankranti, All day: " checkable="false" checked="false" clickable="false" enabled="true" focusable="true" focused="false" long-clickable="false" password="false" scrollable="false" selected="false" bounds="[168,1711][1038,1795]" displayed="true" /&gt;
                          &lt;android.view.View index="19" package="com.google.android.calendar" class="android.view.View" text="" content-desc="" checkable="false" checked="false" clickable="false" enabled="true" focusable="false" focused="false" long-clickable="false" password="false" scrollable="true" selected="false" bounds="[0,1624][1080,1878]" displayed="true" /&gt;
                          &lt;android.view.View index="20" package="com.google.android.calendar" class="android.view.View" text="" content-desc="Monday 15 January 2024, Open Day View" checkable="false" checked="false" clickable="false" enabled="true" focusable="true" focused="false" long-clickable="false" password="false" scrollable="false" selected="false" bounds="[0,1874][168,1878]" displayed="true" /&gt;
                          &lt;android.view.View index="21" package="com.google.android.calendar" class="android.view.View" text="" content-desc="Pongal, All day: " checkable="false" checked="false" clickable="false" enabled="true" focusable="true" focused="false" long-clickable="false" password="false" scrollable="false" selected="false" bounds="[168,1879][1038,1920]" displayed="true" /&gt;
                          &lt;android.view.View index="22" package="com.google.android.calendar" class="android.view.View" text="" content-desc="" checkable="false" checked="false" clickable="false" enabled="true" focusable="false" focused="false" long-clickable="false" password="false" scrollable="true" selected="false" bounds="[0,1879][1080,1920]" displayed="true" /&gt;
                        &lt;/android.support.v7.widget.RecyclerView&gt;
                      &lt;/android.widget.FrameLayout&gt;
                    &lt;/android.widget.FrameLayout&gt;
                  &lt;/android.widget.FrameLayout&gt;
                &lt;/android.widget.LinearLayout&gt;
                &lt;android.view.ViewGroup index="2" package="com.google.android.calendar" class="android.view.ViewGroup" text="" resource-id="com.google.android.calendar:id/coordinator_layout" checkable="false" checked="false" clickable="false" enabled="true" focusable="false" focused="false" long-clickable="false" password="false" scrollable="false" selected="false" bounds="[0,0][1080,1878]" displayed="true"&gt;
                  &lt;android.widget.ImageButton index="0" package="com.google.android.calendar" class="android.widget.ImageButton" text="" content-desc="Create new event and more" resource-id="com.google.android.calendar:id/floating_action_button" checkable="false" checked="false" clickable="true" enabled="true" focusable="true" focused="false" long-clickable="false" password="false" scrollable="false" selected="false" bounds="[891,1689][1038,1836]" displayed="true" /&gt;
                &lt;/android.view.ViewGroup&gt;
              &lt;/android.widget.FrameLayout&gt;
              &lt;android.widget.FrameLayout index="1" package="com.google.android.calendar" class="android.widget.FrameLayout" text="" checkable="false" checked="false" clickable="false" enabled="true" focusable="false" focused="false" long-clickable="false" password="false" scrollable="false" selected="false" bounds="[0,0][1080,1878]" displayed="true"&gt;
                &lt;android.view.View index="0" package="com.google.android.calendar" class="android.view.View" text="" resource-id="com.google.android.calendar:id/fade_layer" checkable="false" checked="false" clickable="true" enabled="true" focusable="true" focused="false" long-clickable="false" password="false" scrollable="false" selected="false" bounds="[0,0][1080,1878]" displayed="true" /&gt;
                &lt;android.widget.RelativeLayout index="1" package="com.google.android.calendar" class="android.widget.RelativeLayout" text="" resource-id="com.google.android.calendar:id/speed_dial_expanded_contents" checkable="false" checked="false" clickable="false" enabled="true" focusable="false" focused="false" long-clickable="false" password="false" scrollable="false" selected="false" bounds="[0,0][1080,1878]" displayed="true"&gt;
                  &lt;android.widget.FrameLayout index="0" package="com.google.android.calendar" class="android.widget.FrameLayout" text="" resource-id="com.google.android.calendar:id/speed_dial_reminder_container" checkable="false" checked="false" clickable="true" enabled="true" focusable="true" focused="false" long-clickable="false" password="false" scrollable="false" selected="false" bounds="[641,1384][1038,1509]" displayed="true"&gt;
                    &lt;android.widget.TextView index="0" package="com.google.android.calendar" class="android.widget.TextView" text="Reminder" content-desc="Reminder button" resource-id="com.google.android.calendar:id/speed_dial_title" checkable="false" checked="false" clickable="false" enabled="true" focusable="false" focused="false" long-clickable="false" password="false" scrollable="false" selected="false" bounds="[683,1417][849,1475]" displayed="true" /&gt;
                    &lt;android.widget.ImageButton index="1" package="com.google.android.calendar" class="android.widget.ImageButton" text="" resource-id="com.google.android.calendar:id/speed_dial_icon" checkable="false" checked="false" clickable="true" enabled="true" focusable="true" focused="false" long-clickable="false" password="false" scrollable="false" selected="false" bounds="[902,1384][1027,1509]" displayed="true" /&gt;
                  &lt;/android.widget.FrameLayout&gt;
                  &lt;android.widget.FrameLayout index="1" package="com.google.android.calendar" class="android.widget.FrameLayout" text="" resource-id="com.google.android.calendar:id/speed_dial_event_container" checkable="false" checked="false" clickable="true" enabled="true" focusable="true" focused="false" long-clickable="false" password="false" scrollable="false" selected="false" bounds="[710,1689][1038,1836]" displayed="true"&gt;
                    &lt;android.widget.TextView index="0" package="com.google.android.calendar" class="android.widget.TextView" text="Event" content-desc="Event button" resource-id="com.google.android.calendar:id/speed_dial_title" checkable="false" checked="false" clickable="false" enabled="true" focusable="false" focused="false" long-clickable="false" password="false" scrollable="false" selected="false" bounds="[752,1733][849,1791]" displayed="true" /&gt;
                    &lt;android.widget.ImageButton index="1" package="com.google.android.calendar" class="android.widget.ImageButton" text="" resource-id="com.google.android.calendar:id/speed_dial_icon" checkable="false" checked="false" clickable="true" enabled="true" focusable="true" focused="false" long-clickable="false" password="false" scrollable="false" selected="false" bounds="[891,1689][1038,1836]" displayed="true" /&gt;
                  &lt;/android.widget.FrameLayout&gt;
                  &lt;android.widget.FrameLayout index="2" package="com.google.android.calendar" class="android.widget.FrameLayout" text="" resource-id="com.google.android.calendar:id/tasks_speed_dial_container" checkable="false" checked="false" clickable="true" enabled="true" focusable="true" focused="false" long-clickable="false" password="false" scrollable="false" selected="false" bounds="[727,1531][1038,1656]" displayed="true"&gt;
                    &lt;android.widget.TextView index="0" package="com.google.android.calendar" class="android.widget.TextView" text="Task" content-desc="Task button" resource-id="com.google.android.calendar:id/speed_dial_title" checkable="false" checked="false" clickable="false" enabled="true" focusable="false" focused="false" long-clickable="false" password="false" scrollable="false" selected="false" bounds="[769,1564][849,1622]" displayed="true" /&gt;
                    &lt;android.widget.ImageButton index="1" package="com.google.android.calendar" class="android.widget.ImageButton" text="" resource-id="com.google.android.calendar:id/speed_dial_icon" checkable="false" checked="false" clickable="true" enabled="true" focusable="true" focused="false" long-clickable="false" password="false" scrollable="false" selected="false" bounds="[902,1531][1027,1656]" displayed="true" /&gt;
                  &lt;/android.widget.FrameLayout&gt;
                &lt;/android.widget.RelativeLayout&gt;
              &lt;/android.widget.FrameLayout&gt;
            &lt;/androidx.drawerlayout.widget.DrawerLayout&gt;
          &lt;/android.widget.FrameLayout&gt;
        &lt;/android.widget.LinearLayout&gt;
      &lt;/android.widget.FrameLayout&gt;
    &lt;/android.widget.LinearLayout&gt;
  &lt;/android.widget.FrameLayout&gt;
&lt;/hierarchy&gt;</msg>
<kw name="Capture Page Screenshot" library="AppiumLibrary">
<doc>Takes a screenshot of the current page and embeds it into the log.</doc>
<msg timestamp="20231227 17:49:03.642" level="INFO" html="true">&lt;/td&gt;&lt;/tr&gt;&lt;tr&gt;&lt;td colspan="3"&gt;&lt;img src="data:image/png;base64, iVBORw0KGgoAAAANSUhEUgAABDgAAAeACAYAAAArYecKAAAAAXNSR0IArs4c6QAAAARzQklUCAgI
CHwIZIgAACAASURBVHic7N15nFT1ne//9/ecqoZuaBABWaSVRREhAS64kmgU3GI00SiYx8SJ3LnJ
PKI3k5mRZDK/mLmTO0nmTiaazGpMTCYaTTSSmLiMGsUlmuAGCEZUmkWw0UZka2ia7q5zzvf3R3UV
tXZXVVd19al+PR8PH1Ldp87Sp7q6zvt8vp+vCay1AgAAAAAACDGn2jsAAAAAAADQXwQcAAAAAAAg
9Ag4AAAAAABA6BFwAAAAAACA0CPgAAAAAAAAoUfAAQAAAAAAQo+AAwAAAAAAhB4BBwAAAAAACD0C
DgAAAAAAEHoEHAAAAAAAIPQIOAAAAAAAQOhFqr0DAIoTBIEOHDigV155Ra+//rp2tbaqvb1d1lqN
HDlSEyZO1OzZs7VgwQKNGTNGjkOOCQAAAKD2mcBaW+2dANC3nTt36u6771bL228rCAL19atrjJHj
OJp8/PG69tprdeKJJw7QnpaXtVaHDx9WR0eHjhw5IkkaPny4Ro4cqYaGBhljqryHAAAAAAYDAg5g
kNu7d6++dtNNfQYafTHG6D9vvTU0FR1BEKi1tVXr1q3TG2+8ob179qitrU2SNHr0aI0/7jjNnDlT
p59+uiZMmBCa4wIAABjsOjo6tHPnTrW0tOjIkSNqaWlRR0dH8vsNDQ1qampSfX29mpqaNGXKFDU0
NFRxj/tv48aNmjNnTkW30dLSovvuu6/XZZYtW6ampqaK7kctY4jKEHHgwAFt2LBB27dvz/n9qVOn
at68eTrmmGMGeM+QTywW03e+8x21vP12v8MNKV4Jcccdd+jP/uzPyrB3lRUEgZ566ik99eSTOnDg
gIIgSPt+W1ub2tratG3rVr3w/PNacsEFOu+88+S6bpX2GAAAINz27t2r9evXa/369drc3Nzn8hvW
r097fPLMmZo/f77mz5+vsWPHVmo3K+Khhx5Sc3NzxQOOI0eO9PmzTVQsozQEHEPEO++8o5dfflkt
b7+d8/vvv/++xo0bNygDDmttckiG4zgVv1MfBIGCIEgO8ajGEIg9e/bo63//9/I8r6zrfXXDBllr
ZYxRV1eXhg0bVtb1l0MQBHrggQf05KpVfR5/EATat2+ffn3//dq/f7+uuuoqhqwAAAAUobm5WU8+
+WRWYFGszc3N2tzcrJX33ad58+dryZIlmjlzZpn2snIeeugh/ffDD+vkEOwr+kbAMUQcOnRIbQcO
qKurK+f32w4c0KFDhwZ4r/p28OBBvfjii1r9hz+ou7tbc+fN07nnnquJEyeW/ULWWqvW1lY988wz
eu2Pf9Tw4cN1zrnn6rTTTlNjY2NZt9WbV199Vd+/9dayVG1k6urq0qFDhzRq1Cg99thjmjJlihYu
XFj27ZQqUbmx6okn5Pt+wc/zPE9PPfmkxowZo/PPP5/hKgAAAH1obm7WQw89VFC1RrE2rF+vDevX
6+SZM3X55ZcP2qAjEW5USktLizZs2JB8vHfv3j6f8/zzz6s55ZzMmzePIStFIOAYIg4dOqSDBw/m
/f7BgwcHXcDx/vvv66677tLm5ubkxf7TTz2lP776qi792Md0xhlnKBIpz0s4FovphRde0CP//d/a
v39/8uv3/eIX2rBhg6677jqNGTOmLNvqzbZt2yoWbkjxEOf111/XWWedpRNPPFE/uO02NTQ06NRT
T63I9oq1c+fOosONhCAI9Phvf6tZs2bp+OOPr8DeAQAAhF9HR4fuvPPOfldsFGJzc7O+e8stOnvR
Ii1dunRQ9emodLhR6vqfX7067fHDDz2kj112mS6//PJy7VpNG7CAY9u2bVnj6PsyZsyYio7fOnTo
kN57773k48mTJxf8SxeLxfTWW2/pnXfeSQYHo0aNUlNTk6ZPnz7o7iB3dXWpu7s77/e7u7vzVndU
QxAEeu6557Rl8+asi/09e/bonp//XHv37tUFF1yg+vr6fm3r8OHDWrVqlVY98YRisVja96y1at60
Sc8//7wuueSSip7XAwcO6Dv//M8VCzcS1q9fr7POOkvHHHOMrLX6t3/9V33rH/9Rxx57bEW3W+i+
9RbE9eXQoUPasGGDJk+ezFAVAACADC0tLfred7+b1jB0IDy/erU2rF+vv77xxkFRjVDpcEOSnnry
ybKt6+mnniLgKNCABBxBEOiWm28u+q7s0mXLtGTJkorsk7VW9957r9auWZP82t985SuaPn16n89b
s2aNfn3//dq3b1/OZaY0Nemaa67RySefXNZ9zsfzPG3cuFFbtmzR1KlTdcopp2jkyJGSpM7OTm3c
uFGvvfZarxfO1lq99tprmjRpkubMmaPhw4dLktrb27Vp0yZt375dJ510kubMmVO2qone+L6vzZs3
J0OxGSedpNmzZ+uJxx9XZ2enYrGYHnv0Ub333nu69tprk/tbrM7OTt11113646uvJl+fDQ0Nuuji
i7V+/Xptf+stBUGg5uZmXXjhhRULOHzf1//9+tcrHm5I0q7WVllrk4GXtVZf//u/1/f+5V+q2qSz
o6Mj7ZyXInGuzjvvvEF1hwAAAKDaVq9erZ/eeWfVtt/R0aFvffOb+sx112nRokVV24+BCDek8jYL
HehAKswGJOBob28vqeS8ktauXZsWbhTCWquHH364z1+InS0tuuXmm/XZz31Op512Wn92syAtLS1a
vXq1mjdt0ssvvaSx48Zp9uzZmjhxopqbm7Xxtdd04MCBPtezs6VFv77/fjU3N2vmzJnatWuXXn/9
de3ds0ddXV3avXu3Ro0apWnTplX8mFIvwCXpzDPP1DnnnKMZM2Zo5cqVemfnTvm+r7Vr1qitrU2f
+tSnih6W0NLSonvuuUdvbduWDBaaTjhBy5Yt00knnaSRI0dq+1tvSYpXBvTnwrsv99xzz4B1TD50
6JCMMdq1a1fya93d3frJT36iz372swOyD7l0dHRof57QsBj79+1Te3s7AQcAAECPO++8M2voQ7X8
9M47deTIkYrdyO7NQIUbqJ4BCTgOHz6c/HdDQ4NmFTjev1I9Dw4ePKhfrlxZ9PPWrFmT9gvxPxYs
0Pnnn6/jjjtO1lpt3bpVDz34YHLYy0/+6780duzYigYCnZ2deuONN7Rl82YdOXJER44c0cGDB7Wr
tVXRaFSdnZ3q6uoqqDLA8zzt3btXL77wgjasX69YLKYjR44kL+y3bN6sN048UZMmTSq5YqJUidlM
Zs2apc997nO6++679da2bfFKj+Zm3f7DH+pPPv1pzZgxo88qBM/ztHnzZt3z859r9+7dkqRIJKIZ
J52ka6+9VuPHj09+LcFWMNyQpD/8/vcVXX+qxMwkzRkNpdauWVPVgMP3/V6HURWqs7OzLOsBAACo
BatXrx404UbCyvvuU319/YBWchBuDA0DEnCkNq+ccdJJ+vM///OB2GxeDz74YEEVDak6OjrSQpHF
S5Zo6dKlaeP8TzvtNJ1yyim69dZbkxffK1eu1Je+9KWKDW146623tHHjxrSypSAI0kKlYlhr1dnZ
qc7OzqzvdXR0aOPGjZo2bVpVm1JOnDhR119/vR555BE98/TT8n1fu3bt0o9uv10fu+wyfehDH8o7
jMbzPD3zzDP67WOPJV+X0WhU5y9erEsuuaQqd/2/dtNNvQZQ+XpJlDqcpa6uTtZavb1jR9b6vvyl
L+k7N99c0nr7KxKJaPjw4f3qwSHFQ9TBOP0tAABANWTe1BosmpubByzgINwYOgZsiEpCJZuGFuK1
117T7597TpI0e84cvb5xY0HPe+WVV9TW1iZJmjRpkj7xiU/kvPBsbGzU8uXL9c1vfEOxWEzbtm7V
pk2bKhIIHDhwQBs2bNDbO3YMSO+GxEXxhg0bNGnSJB1zzDEV32Y+I0aM0Mc//nGNHj1ajz7ySLJy
5df336/9+/fr0ksvVV1dXdpzYrGYHnjgAT337LPJhqoNDQ26/OMf16JFi6pyUex5XlYvF2OMjDEa
N26c5s6bpzlz5mjs2LEKgkDvv/++duzYodbWVs2YMUPr1q3T9rfeku/7Bb8GRo0eLUlps8UkHD58
WLFYTNFotP8HV6SRI0dq3PjxyaqaUo0/7jiNGjWqTHsFAAAQbsuXL1dLS4ve2bmz2ruSdPyUKVq+
fPmAbItwY2gZkIAj9Y5sNS+KOzo6tPK++yTF72JfeeWVBQccqfMXn/uRj/R6MTxhwgSd+5GP6MlV
qyTFQ5VKBBybNm3S6xs3Zs380ZdIJKLRPRe5bW1tySELhYjFYmretEknn3yyFi5cWNR2y23YsGG6
6KKLdMIJJ+hHt9+u9vZ2dXZ26rFHH1Vzc7O++MUvJofSHD58WN/97nfT3tgbGxt1/Q039NlYtpKe
fvrp5BAgY4zGjBmjT197rWbPni1Jeu+997Ry5cqs1+k/fOMbGj9+vBYvXiwpfh7vuecevbphQ5+9
QqZMmaL9+/fnPO9BEGjVqlX66Ec/Wo7DK8qwYcM0Z84cbXrzzZJ79riuq5kzZ1LBAQAAkGLFihX6
1je/qb1791Z7VzR27FitWLFiQLZFuDH0DEjAkah8kMoTcKxbt04bNmzQ+PHjdcEFFxTcD+KRRx5J
9sf4xBVXaOLEiQU9z/M8vfnGG8nHhVwQz5s3LxlwvL5xo+zVV5d12soDBw5o69at2rNnT8HPGTdu
nBYsXKgPfvCDaQHHH//4R61bu7bgdb333ntqbm7WjBkzqhJYtbW1afjw4cmL2FmzZumG//2/9Ytf
/EItb7+tIAi0betW/cd//Ieuuuoq+b6v+++/PxluOI6jqdOm6ZprrtGJJ56YXG+ih8lATZcaBIF+
98wzkqRjjz1WN65YoXHjxkmSXnrpJd3b03g0szLDGJNVCTV69Gh9/vOfVywW029+8xs99eSTeSs6
FixYoEceeSTv95979tmqBBySNHfuXD37u9+lTd9cjGOPPVbz588v814NnJdeeknPPvtssrnt1GnT
dO655+qMM86o8p4BAIAwa2ho0Oevv17fveWWAWtsn0t9fb0+f/31AzIsnHBjaBrwgKOxsbFf62pt
bdUPf/CD5ONoNKqLL764z+dt2bJFq554QpI0fcYMfeQjHym4pL+joyOtaWEiHOhNanjS2tqqtra2
soYBjY2Nmj59upo3bUqbDSOfE6dO1ZIlSzR79mw1NDQke4KMGzdOkyZN0pQpU/Tkk09qx/btfa5r
/PjxmjZtWr/PZanefPNNrVu3TldeeWXy5zx9+nTdcMMNWrlypda/8oo8z9OWzZt12/e/L+noazAa
jeq000/XFVdckTyP1lq1trbq/vvv1/z58/XhD394wI5l3759+upNN+mEE06QFA9ZvrRiRa8VDGPG
jMnb0yUajWrp0qVaunSp/uILX8iq7jHG6OSTT07+XHLJNXRloIwbN06Xf/zjuveee9KGthWioaFB
V1x5ZdWHwZXql7/8ZfI9KmHL5s3asnmz3n77bV199dVV2jMAAFALmpqadN3y5b1+Dqy065YvV1NT
U8W3Q7gxdFWm82WG1AumxNh4a63a2tq0Z88etbe3FzwFZ2rD0sx159PV1aV77703+XjZsmV5m1Dm
knmRWMhzR4wYkfa42Iu1vriuq/nz5+uqq6/WKbNm9brsuHHjtGjRIs2bN08jR45Muzh2HEcjR47U
vHnzdMYZZ/QZwpwya5auuvpqzZ8/v8/ZSirFWqtXN2zQ7bffrm3btiW/Pnr0aP3Jn/yJLrzoouS+
tbW1JcMNx3F08SWX6JprrkkLNzZt2qQf/ehH2vjaawN6HJ2dnfru976XDDd++9vf6sa//us+h2f0
db4T/u3f/10fPuectK+NGDFCL7/88oD0bCmFMUYLFy7UJ6+6qujnfvKqq7RgwYKyVkoNlJdeeikr
3Ei16okn9NJLLw3gHgEAgFo0f/58feyyy6qy7Y9ddtmAVNoSbgxtA1LBsef995P/3rdvn55//nmt
XbMmrbJj7NixWrBwoT7ykY8ky/RzmTp1qmadeqrefOMNNTY26qyzzupz+6tWrdLOlhZJ0kcvvVRT
p04tav/r6+vTHh8+fFgjR47s9Tmu66q+vj5ZAlaJUrDhw4dr1qxZGj16tJ555hmtW7s25+wnM046
SbNnz+61L8GwYcP0wQ9+UDt27NBLL76Yc1sLFi7Ueeedp0mTJlWlCWUqa63efecd/fhHP9IVV16p
BQsWyHVdNTQ06NJLL9X48eP16/vvTwZixxxzjK785Ce1cOHCZEDl+75efvll/ebXvy56Vp1ySJTm
WWt166236o+vvlrQ8wrtGWKM0bXXXqtJkybplytXylqrs84+u88pkqsdfhhjdNppp+mB3/wm7T2i
N6NGjQptuCFJzz77bEHLMFQFAAD01+WXX669e/fqheefH7BtnnX22br88ssrvh3CDVQ84PA8T++n
BBzfv/XWnMvt3btXTzz+uJ55+mn96Wc+k/eDfF1dnb74xS9q//79GjFiRJ/9N1paWvTIf/+3pPjs
J4UMZ8lUX1+vxsbG5MXyu+++qwkTJvT5vNSLrWIbgRYqGo1qypQpmjVrlt7atk2tra1p349EIjru
uOMKKtsfN25c3uXGjBmjWbNmacqUKRWb8rZY1lrt3btXP/7Rj7Tvk5/U4sWLFY1GFY1GtWjRIo0d
O1Y/u/tuGWP0p5/5jE466aTkc7u7u/X444/r4YcequIRxH3nO9/Rtq1bC16+twAwlyVLlsjzPD3w
m9+ovb29Yq/Fcmpvby843JDijYzb29urMs1vOSR6bvR3GQAAgEIsW7ZswGZWOX7KFC1btqzi2yHc
gDQAQ1TyDc2Y0tSkOR/4gKbPmJFWDRCLxfRfP/6x1q1bl3edjuNo7NixfYYbnufpF7/4RbLkf9k1
1xTckDSVMUbzUsqp1q5d2+dzNm7cqI6OjrR9rhTHcRQEQc5ZMUaOHKnRo0cXtH3HcXTsscfmHKbi
eZ6CIBg04Uamhx96SHfeeWdaZ+iZM2fqL774Rf3FF7+oGTNmJL++e/du3XHHHfrtY49VY1eTrLX6
6U9/qrdShtkUIrOiqBAXX3yxLrzoIr34wgtFP7caMoO6Sj0HAABgKGpoaNANN9xQ0ufKYtTX1+uG
G26o+E0owg0kVLyCo7u7O6364cKLLtKSJUvSLqI7Ojr04osv6pcrVybDiHt+/nNNnz69X405n332
WW3ZvFmSdM655/ZrqtY5c+bo9889J0la8/LLOv/889MumlPt2bMnaxhAXV1dydsuhOM4OcOHxMwg
hWpvb8/qcyJJ0bq6ih9Df8RiMa1ds0aHDh3SlVdeqalTp8oYo/HjxyeXsdZq+/bt+uUvf6ltW7dW
fSjGo48+qudXry56P0qpwGhra9MTjz9e9WMuVClhxe7duyuwJwNj6rRpyfeq3pYBAAAol7Fjx+rG
nuljK+XGFSsq3gCecAOpKn47/rjjjtM/ffvbuulrX9ONK1boqquuygotGhoadP755+t/ffazya8d
OnRIL+boBVGo9957T7/59a8lxfsv9HfM19y5czUtpffBnXfcoZaevh6pNm/erH/713/NukCrZM+K
9vZ27d69W4cPH876Xnd3t/bu3VtQk9PEsIBcTS4PHTyod999t+zNUvtrxIgRyTdNa602vfmmfnDb
bXr77bezlt2+fbtu+/73tXXLluSF/rhx45KNbwfalpT9KMbBgweLWv7IkSP62k03FdzIdzAoZZrY
UqeWHQzOPffcsiwDAABQjKamJn3muusqsu7PXHddxWdMIdxApgEZb+C6rpqamjRz5sxel1uwYIHO
OPPM5ONSy+mDINB9992XnNr16qVL+30R67quli5dmqxi2L17t771zW/qtttu08MPP6wHHnhAN998
s265+Wbt3r07a6aLvpqSlmrXrl168MEH9czTT6cNiUmw1mrbtm1ps43k09zcrObm5pzfO3z4sJ55
+mk9+OCDBU1LO1BGjx6tG1es0NmLFiWbh+7fv1///O1v66mnnlJ3d3ey38bN3/lOsq9DJBLRhz78
YX3py19WY5UCjvPOO6+kppi5grV83n//fX1pxYqiqj4GQ6POnSWMB80VaoXFGWecoQsuvDDv9y+4
8EIajAIAgIpYtGiRFi9ZUtZ1Ll6yRIsWLSrrOjMRbiCXAZlFpRhnn312chaPd999VwcOHCh6mMoL
L7yQnPLzfyxYoIULF5Zl36ZPn67rb7hB37/11mR4sv6VV7T+lVfSljvjzDN12WWX6f/83d9Jildv
JKYlLac333xTq1at0pbNm3POnpLw7jvvaPXq1Ro1alTeGWS2b9+uF198Ue/lCS+CIFB7e7teevFF
7du3TxdccIFmFThdaaWNHDlSn/70pzV27Fg98/TTam9vl+d5uv9Xv9K7774bny3lpZeSlSmjRo3S
+YsX68ILL6xqVUOpQ6Y2bdrU5zLWWj377LP6xb33hqpyQ4r3e9m7Z0/Rz9vz/vuKxWJVn+GnVFdf
fbVOOOEEPfvss8mGolOnTdO5555LuAEAACoq0XR0c56bncU4eebMijcVJdxAPoMu4Jg8eXLa40OH
DhUVcOzfv1+/+uUvJcWb2lx11VVlvSN96qmn6qavfU1PP/20Xn7ppbRhIR+cO1fnnHOOPvjBD+qd
d95Jfv3EqVPL3pzzwIED2rBhgza9+Wafd+c9z9Mbr7+uI0eOaNGiRZozZ06yoqS9vV0bNmzQ6tWr
tbOlJefwlFSdnZ3a9OabGj9+vCZOnNivHinlFIlE9NGPflRNTU26/1e/0nvvvSfP8/SH3/9e0tGp
TydMmKCly5bp1FNPleu6yaCqWvs8bNiwXsOpXLa/9VavDV8PHz6s//v1rxc9lCWht+mEB0JLS4u6
urqKfl5XV5d27NiRNltO2JxxxhmEGQAAoCquv/563XLLLf2aWeX4KVN0/fXXl3GvshFuoDeDLuDI
7LBbzIWOtVa/+tWvkqGD4zi64447el0+1c9//vPkLCvRaFR/+Zd/mfN5EyZM0Kc+9SktW7ZMbW1t
CoJAI0eOTLswfCtlSsdKVDo0NjZqwoQJGjFihA4cONDn8l1dXdq6ZYt2tbbq0Uce0Zhjj5Uk7d+3
Tx0dHTp8+HCf4UbCiBEjNGHCBDU2NvbrGMrNdV3NnTtXxxxzjFauXKktmzenneOTZ87U0qVL1dTU
NCiGYRhjdOrs2XqllxmD8unq6srqer1nzx7dcccdaT1GSpE5vGqgbd26NeeMQH2x1mrz5s2hDjgA
AACqpaGhQcuXL9d3b7mlqEkKEurr67V8+fKKzphCuIG+DLqAI/PCppiZOzzP05qXX04+Pnz4cJ8z
E6TamdLbYMSIEX0u7ziOxowZk/N7r/UMkZGUd7aV/nBdVzNnzlRzc7PWFTBtrRT/+bS1tamtrU3v
v/++JBUcaqSaPmOGZs6cKdd1i35upRljdOKJJ+pLX/qSfvzjH2vtmjWS4sOGli9fXuW9y3b55Zdr
/SuvFBVIWGu1cuVKfepTn9L+/fv1zDPP6PfPPSfP8/o9S4oxRldccUW/1tEfiZ4xpbwugyDQ5s2b
dckllwyKAAsAACBsmpqadN3y5brt+98v+rnXLV9e0aaihBsoREUDjoMHD+qWm2+WFA8D/r+vfrXP
wGL//v1pjwsJGhKMMTrhxBMLXj4IgrRQY8KECRrWU8HRnylRd+7cqQ3r1yfXefLJJ5e8rt5MmDBB
c+fO1bvvvFN0489SLiAlaeLEiZo7d64mTJhQ0vMH0qc//WlNmzZNxhidffbZ1d6dnCZPnqxoNFr0
UJnnV6/Wyy+9VJZQI5Xrupo0aVLZ1lesjo4O7du3r+Tnt7W16fDhwxVr6gsAAFDr5s+fr6XLlmnl
ffcV/Jyly5Zp/vz5Fdsnwg0UqqIBR2Njozo7O5MzV7z99tt9lo9v3bo1+e/x48fr2J6hFIWIRCL6
6le/WvDysVhMf/GFLyQfX7d8uaanTAVbis7OTt17773JxxdedFFydo9yc11Xs2bN0ltvvaU9e/aU
VNZfjEgkolNmzdKsWbMGZfVGpuHDh2vx4sXV3o0+fflv/kb/+K1vFV3FceFFF+nRRx4p234YY/Q3
X/lK2dZXis7OTh3seb8oRfuhQzpy5AgBBwAAQD8sWbJELS0teuH55/tc9qyzz9aSMs/CkopwA8Wo
aMBhjNEZZ56pJx5/XJL0zDPPaMaMGXnLx48cOaKnnnwy+fiMM88MVan5gQMHdNdddyWHxUxpatLp
p59e0W2OGjVKc+bM0fbt27Vj+3ZJ8VlFZp5yiiZOnKgtW7ZoWxE9DSKRiKbPmKGTTjpJu3btUvOm
TWpvb5cUbxo0Z86cfk+5W4rnnntOb775pqR4r4mB3k7dsGEVey1OmTJF9fX1Oaf57c0Tjz+ua//0
T3X3XXeVpYqjvr6+4nOV96WtrS35eitFR0eH2traNH78+DLuFQAAwNCzfPlytbS09Np09PgpUyo6
DJxwA8WqeA+Os88+W089+aR839eal1/W5MmTdckll2TNAHHkyBH97Gc/U2trq6T4EJF8wwrWrVun
DRs2aPz48brggguSjUGrwfM8tba26rXXXtOqJ55INjhtbGzU8uXLKz4jheM4mjFjhs444wyNGDFC
U6dO1ezZszVu3DhFo1GddtppWrt2rV584YU+g4Fx48bpzLPO0sKFCzV69GjFYjHt2bNHr7/+urZv
36558+bplFNOKfuMMPmOa8KECck31B0pAU4l5dvOCSecULGqFWOMbvra1/S1m24qKqiIxWJ64403
dOUnP6lf339/v0IOY4y+etNNVQ8UW1tb+zWtbRAE2rVrF41GAQAAymDFihW66atfzdl0tL6+XitW
rKjYtgk3UIqKBxyTJ0/WFVdemZy69cEHHtD69et1+umna+zYsQqCQLt379bqP/wh7QL86qVLNW7c
uKz1tba26oc/+EHycTQa1cUXX1zpw0jz6quv6qmnnlJ7e7ta3303q5/FhAkT9NnPfU5TpkwZw5To
0wAAIABJREFUkP1paGjQ2WefrQULFqiurk719fXJEKK+vl6LFy/Oqo7JZe68eVq8eHHa80eNGqVJ
kyapu7tbw4cPH7ApRCORiM4991zt2L5d+/fv79dFb38YYzR+/Hidc845FR2WM3bsWF12+eV66MEH
i3re2jVr9KEPfUjL/+f/1B0/+UnJIcclH/1ozt+3gdba2lpyfxgpHnAkQlIAAAD0T0NDg25csSJr
ZpX6+nrduGJFxWZMIdxAqQZkFpULLrhAjuPo/l/9Sr7v6+0dO/T2jh15l//EFVfonHPOyfm9Q4cO
pT3ObEo6ENrb2/XmG29kfb2urk6LlyzRhRdeWFRz1P4yxqihoSHnG4zjOBoxYoQaGxsViUTyDlWJ
RCJqbGzM2u/E8wfyeBJmzpypz19/vV555RXt27cv58X7Mccc06/gwXEczZ07N28YNWrUKJ1++ukD
ElZdeuml2rhxo7al9KHpi7VW//5v/6bvfu97+qdvf1t/+5WvFB1ynDh1qj7+8Y8Xu7tl19XVpdbW
1n5VolhrtWvXLnV2dla1sgsAAKBWNDU1aemyZfrpnXcmv7Z02bKKDW0m3EB/DEjAYYzRkiVLNHv2
bP3ud7/TC88/r87OzrRlotGo5s6bpyVLlvTa6HPq1KmadeqpevONN9TY2Kizzjqr0rufUzQaVWNj
oyZMnKjJkydr2rRpOuWUU9TY2FiV/elLY2OjRo4cqQMHDuT8/siRIwfdvjuOo6ampor2hYhEIvrE
Jz5RsfUXwxijL3/5y/rGP/yD3n333YKfFwSB/vqv/krf+5d/0fdvu00//vGPtebllwsKCiZOnKi/
/du/rfrQFCneP2N/P2ZQSdi/b5/a29sJOAAAAMpk0aJF2rlzp5568kktXrJEixYtqsh2CDfQXyYo
5xyTBYrFYtq9e7cOHz4sY4zq6+s1bty4gi9IgiDQ/v37NWLEiKpcxFhrB8UFYTHWrVunhx9+WO++
807O708+/nhddtllWrBgwQDvGTJZa/Wf//mfeu2PfyzqeZFIRH/3f/6PJkyYoCNHjujuu+/WurVr
8wYdcz7wAX3hC1/Qnj17VF9fr+HDh1dsxp9C7Ny5U9/+p39SLBbr13qi0aj++sYb+z0jEgAAANKt
Xr26YuHGxo0b9dhjj1Vk3YVoamrSsmXLyra+W265RZubm8uyrpNnzqxov5NaUpWAAwNv165deu65
57S5Z4aXTKeeeqrOOeecQdGHAXHPPfecfv6znxU1ZMMYo2XXXKPzzz9fUjws2bRpkx599FG9vWNH
snJq6bJlySl0b7/9djU0NOjQoUP6/Oc/X/4DKdDatWt1+w9/WJZ1Xbd8ed4mxQAAAECldXR06L77
7tPevXv7tZ6xY8dq2bJlFet3UmsIOIYI3/fV0dGhrq6unN8fPny4GhoaBmSGFBSus7NT//itb2nP
nj1FNVo95phj9I//7/9lnU/P82StVTQaTduGFO8hU63zb63VAw88oMcefbQs61tywQW6+uqrQ1dp
BQAAAKB0BBxACPi+r2/8wz9o9+7dstYWVNVhjNFxxx2nv/yrv9Kxxx47AHvZP2vXri3bDCgTJkzQ
aaedRsABAAAADCEEHECI+L6vjRs3atWqVdrZ0pJzTnIpXpFz/JQpuvDCC/WBD3ygolPcAgAAAMBg
QMABAAAAAABCj4YLAAAAAAAg9Ag4AAAAAABA6BFwAAAAAACA0CPgAAAAAAAAoUfAAQAAAAAAQo+A
AwAAAAAAhB4BBwAAAAAACD0CDgAAAAAAEHoEHAAAAAAAIPQIOAAAAAAAQOgRcAAAAAAAgNAj4AAA
AAAAAKFHwAEAAAAAAEKPgAMAAAAAAIQeAQcAAAAAAAg9Ag4AAAAAABB6BBwAAAAAACD0CDgAAAAA
AEDoEXAAAAAAAIDQI+AAAAAAAAChR8ABAAAAAABCj4ADAAAAAACEHgEHAAAAAAAIPQIOAAAAAAAQ
egQcAAAAAAAg9Ag4AAAAAABA6BFwAAAAAACA0CPgAAAAAAAAoUfAAQAAAAAAQo+AAwAAAAAAhB4B
BwAAAAAACD0CDgAAAAAAEHoEHAAAAAAAIPQIOAAAAAAAQOgRcAAAAAAAgNAj4AAAAAAAAKFHwAEA
AAAAAEKPgAMAAAAAAIQeAQcAAAAAAAg9Ag4AAAAAABB6BBwAAAAAACD0CDgAAAAAAEDoEXAAAAAA
AIDQI+AAAAAAAAChR8ABAAAAAABCj4ADAAAAAACEHgEHAAAAAAAIPQIOAAAAAAAQegQcAAAAAAAg
9Ag4AAAAAABA6BFwAAAAAACA0CPgAAAAAAAAoUfAAQAAAAAAQo+AAwAAAAAAhB4BBwAAAAAACD0C
DgAAAAAAEHoEHAAAAAAAIPQIOAAAAAAAQOgRcAAAAAAAgNAj4AAAAAAAAKFHwAEAAAAAAEKPgAMA
AAAAAIQeAQcAAAAAAAg9Ag4AAAAAABB6BBwAAAAAACD0CDgAAAAAAEDoEXAAAAAAAIDQi1R7BwAA
AAAAlWcDK8/3sr4ejUbLvq1YLJb1tYgbkXFM2bcFJBBwAAAAAMCQYGWDYGC2lGs7rpVEwIHKYYgK
AAAAAAAIPSo4AAAAgKHMWgVBID8IJGtlrU37tjFGMkau48hxHMlwBx7A4ETAAQAAAAxBge/L9/2s
QCOTtVayVl7PkAPjOIq4roxDMTiAwcUEfb2jAQAAAKgZNgjkeV6fwUZf4kEHTSMHMxtYBYF/9HFP
tU4m13XLvm3f97O+5jhOvCIo+djl9YOyIuAAAAAAhojA9+V52bNo9EckEpFTgQtk9IO1innegDUU
7Q/jOIpGIgx9qpSeUMtaK2NMzQ8zI+BA6MRiMQU5EuF8EimxMSb+n+PIMUbGODRxRsV4sVjanQvH
cRStq6viHgEAhjRr5Xlezrv35eC6rtwIo98HBWsVi8X6XaEzkIwx8alqa/jCuxp8z8tZSVPLv6+1
eVSobTmaX/W+eO5ljTHxX25KK1Ehqa+9MH3IAADUnkLCDaeniajJuMgMbHxq0d6en7iIqtWLpjAp
x/CjgWZ7ArhINFrtXakZXiyW93c20XunFn/evANhyEq8kXqep0gkIjcSyfqDDgAAEHa+7/caTsRv
+Lh575678YUka+X3NCbNtx1jDMNVqqxSVTqVFtb9Hoz6CiSl+M/bBkHNNQuuraMBSuR5nrq7uuR7
hQ99AQAAGOxsEMjP03PDGKO6urp41UUhN3mMkRuJKBqty3tTyPM8KWTVAxhEeO2URb4QMlMthkpD
soIjDM128knMQ46jHMdVpNdyyPgbpbVWgbUK8kyHZq1VLNYtayOKRKL05wAAAKGXr6Go4zjxz08l
fK40TrxfQr4+Dww1QKkSjTDRP4XmREFgVWv1VkMy4IjFYtXehZJFo1F+6TMYIzluYcVIriRForI2
SJZYZv5hToxbjEbrCDkAAEBo5bupY4wpOdxIWYmi0ai6Y7Gsq6laLX0HwsKYwkKOWrys5F0HQ4/p
mbc9GtWwYcNyzvvt+748L7xBGAAAQL4y9bLNVmGMopHclRqFlsgDKL9Cw8VaDCFr74iAYhijaF1d
vFojg5dnWiUAAIBBL8+sc701Ey2FcYycHBdJQRDQTwGoErfA4KLQ5cKk9o4IKIEbcVVXlyPkyFF2
CQAAMNj5eXrO5apc7a98vdBqsYEhEArG5LyBmyo+HL/2xqgQcAA9HNeNl2ymSEwlCwAAECaBnx0u
OI5TmQsaY3L2iCPgAKrHOPFZktJ+70284qqurk7Gqb1wQxqiTUbrhg2r9i5gkHLdiPwgUJAyNMXz
vNIacVmroGcOaptSJmp6PgQYx5HjOOVvGmsla9O3m9qROrHNsn7IqeSx5iqgyVxNju0ntu04jhzH
7bthbJ51SOpZhyNjnPI2nk05V4kPgdn7XoEPo4PgfPl+IGuDtG07jiOnAncWAWBoyn5DzjWUpFwc
x8ka2ksRLFBlxgy5GY2GZMAB5GWkaCSirow/0L7vx+eIL0RP1UeuGVpycd34NLf9bvJjbbw5qu/3
OhVy4sOHMSa57ZIvoAfgWD0vllZFE4lEjr5RW8n3veTMN/kkpsLLd/Hse/GmsvnWkfiZOY4Tn8mo
hHOVGRYEvi/P8/q8u1WW85RQ9fMV335vUxbWEXAAQFnkmz2lYnKum4RjsIif+8F1x95aKnxQfgQc
QAbTc8c/CI6GHIUGHIHv550TPp/EdLWRSKTki1gbBIrFYkWVgtqUi91oNFr0nfNqHWuSteru7i7o
mIMgUHd3t6LRaPp5tFaxmCffL2wYUhAE6urqipf7lXohbq1isVjBDWz7e54Sqn2+bBCoOxbrNXwD
AISXY4wy/7IV8zcHlVWWm2ll1t3VVe1dQA0aXK9yYJBw3fRfjfh87r3/kfZinrq7u0v+Y+55nmIl
NDX1fV9dXV0lj3O1PUGBX0SvkWoda1IR4UaqWCx29DgTx11guJGqu7u76At10zMheXybxc/OU8p5
Sqj2+UrsO+EGAAAAKokKDiAHx3ElxdK+Zm0go3xDHDx5Xizr647jyHVdGeMkb37bnr4Lvu9nXaAn
LnzjXY373k/f9xXr7s75PdeNyHXT+yjYnt4LuYYoxGIxqWc4RK/brNKxZu5r6vpc1+3ZtunzOD3P
k+O68jOGh8SHgkR6ek8ouR4/CHKGCrFYTHV1w4ra91xVNq7rynFcOU76eUpUT+Rah6SCh0wNhvPl
5agcSfaB0dHzBQAIryBXCF6DMzQAGNwIOIAcEs0WUy/K8t39DvwgedGZKhqNynUjWReDPW0r5UYi
OYcN+L4vx/H6vIC1QZAz3Ij3TYjm7IxsFJ8tJhKJ5Bwm4cVicoyTt6tytY41bR9TwgZjjKKJ7tB5
jrO7O5Y23Mhaq1hG9YebmEEn44NYcj2um1UBEQSBAhvIMYUVwmX2neitn0dyu0GQHJ6SKhaLJRuB
9mYwnK/UBqpSL309KhRy2KBnJqQKf8aOuJGa7UYOIKR6KgdTBdbmuVVTBrl6fgyyng/AUBT03Liy
6vmMWeNN3Qk4gFyMsgKOnB8KrM15d7zQHg2O66rOcbIuuGOxmBzHzX/B1NPHIVO8V0K074u5nmDA
xNIbQib6PUTrcnRbrtax5j0E0zPFVS8X+caori6qrq4gK5xIyBdupK2mZzqtroyxooHvl9SRvpBt
JrYbjdbJmFhWQOLFYqqr62X+8kFyvlKf2+vr05iK/LE1jpHrOhWd7jke2PAhHsDgYmRkM5p82iCQ
KnRhkyukdnhvDAUbWHmB5AdW1kqOiZ871+EchlrP9ULaDVvFf1dNT2+3WqyyogcHkEdWp/EcdyZy
lfIX2wjSGBN/g8lad/4LslzbTc5WUcT7VCQSzRqSYm0wqI41n4JnMzEm3iCzt/0p4M3d9AzpSFVK
xUGicqPgPygm93mKD8HpfbacwXS+3BJen+WSqOaphN5m5wGAanLc7L+RQZD7b3x/2cDmrHQ1BVY5
onp836rbs/J8m3xpBFbyfKuYHw89EE69NZe3eW6W1oIhWcER5o69pU5RieJlBhxZbxBWWUMH4n0N
iv+1Mj3TmKbeZU7MXpF1IWwlz8vebkkXcCZ+geb7frxnR8TNXZFQrWPNI96zovCLynxVFsXODOI4
TtrPIflBsYh1lJSWm/jzgiDIGDLixYOPzNUNsvNljFG0QgFDoRzXVUTZQ4X6g3ADwGDmOk7WrCZS
4TPDFcPLE3xz939ws1bygnigkUsQWHlWciJGZFXhEuToQ5fJWhuvRq6xzzK8VIESWRvkrKIo9Q51
diVF7p4E8YvcXNstbcPGcTR8+HBF66J5g4BqHWve50dyXNT3IqsaJ89+9L2e7J9PMfc1+jVFW45K
lFyvBWnwna9+TwlcJuWs5CDcADDo9fQTy+T7fp8zwxXDBkHOWbIcxxkU7/3Iz/etgj5eC4GliiOM
Cv2cVotN3gk4gDxyzfqQys94Q4jPClH6BU98Nos+qkaktIaZ5dhuz0p6/Xa1jjUft9iQIMfxxSsf
iu37keOLxex3Py+Icz0/1x+mwXa++v36LKNyhByEGwDCIt/7nef1Y6r2VL2UuVdqaCDKxy/wNUC+
ET6F/npXYMRa1fHOA+SRfQGXcYGX4yIyM3wonlFqTUAQBFmNTTP3K+cQhTKr1rHmfJYxJd0Rymwa
m6+qo4+1lPCco9vr91jknqAi9WcfBNnNbwfb+SrtZ105/RmuQrgBIEyM48gYJ6vaLzH+vl9NBnsJ
N0q5iYABZgu/uI1PAcz5DJMckyjlXa7WEHAAudjsICFzHGnmnfMgCNSdY9rWfu1GzgqO7IvXSqvW
seZSruMd6IvueKluOdZjlHo6cg1RGXTnaxD+8Swl5CDcABBG8anhs/8GJEKOfFPL98YGuachlyQZ
0++KRQD94zhOQcNPSpkNcLAbkgFHrlkBwmKw3QmtVdZmdwNP+9nnCEAGRI7tVvw1Ua1jrTGVCmZy
Nb/lfBWmmJCDcANAWBnHZDWLToiHHN1Hm5X38bfKBlae7+XsuZGyUgVBwHvmYGcKv8vvcP0ROo7r
yvTRaNQYU5O/p0My4GAWEvQlV+KZfmFZrQvIamyXi+Vw4XwVo5CQg3ADQNg5rivX2qwZthISlX7x
nk1O2vDCxE2fzJm8euN5niI928Xg5RqjoIDPDUyGE07RaDTvVLHGmFDf9O/NkAw4gL5k9itwHCcj
GMt+p49EImVvppgdmFfjL0y1jhWl4XwVq7eQg3ADQK1ITA2bL+SQ4mFGb98vBiHH4Oe6Rr5VrzOp
OEZySTjCyRhF6+oU+H5PQBn//OY4Tk3/XhJwABlsEGT9cc8aS2pyN6103ApXB+XYbsWHI1TrWGtM
uc5Tn0OUOF8lyRVyEG4AqDVuJCJjTElNlvPqZZwDIcfgZowUcSTP5p4pxXGMIq7U3x7pqC7HdYfU
7yAvVyBDrj/6ud4UMoc6DdQ80pnNgAai30K1jrWWBEFQltEjWU1mcwy543yVJnUKWcINALXKcV3V
1dWVpbmg67qqi0Z7nRLW8zwFZaoKQfm5rlFdxCjimmR1pmOkiGsUdaneQPhQwQGk8D0/q3oj0nO3
I5NjjFIvG+MXsLbitfvxqUaP7qPv+4pEohUdvVKtY60l8THMQf+miu0ZA50qV+MvzlfpHNdVnePw
swJQ24xRJBpNVq0WG4RnNiXtq58RlRyDm3GMoo4UTXyYZFZYhBgVHECPwA+yplEzxuS9K5HZ08Dm
uPgsWgF3+F03u4Ijs2dI8dvtfcPVOtZa099xzbmen+sOHOernwg3AAwRxnEUiUZVV1fX06/JkTFO
+o0dY2SMI9d1FYn0LBuNZr1XplbB5UIlR4jwZxAhRgUHICnw/ZzzuccrI3K/yzuOyep14Hme6hy3
tD8MVuru7upzqjZjnKy5rWOep2Gl3nW2Vl1dXckwx8mxnmoda63xPE+u65Y2k5O1WXfGEh9EM3G+
AABF6Zkusr8VFlRyAKi2IRlwdHd1VXsXShaNRpnmtpx6LhrzzZ7gRnr5A9wTCKQGI0EQyPO9Xu9g
5ON5MQVBEF+HF19HzotJI7luREFwtNrEJp5TwnRPnuclp4BLTBFXVzdMxkm/e1OVY61BsVhMdXV1
xR2rVc5pvtxIJHdgwfkCAFQJIQcwiPRc6yQ+6yemgK7lz3FcKWNIsoGVF/PU1dWV8w9wogyzL67r
Zt1B92Ix+UV2J/di2SFLvEIj9xuP67pZQxM8z5MXixU1lMDPEe7Ep8TN3m61jrXWBEEQDx4KbQ5r
4wFD5vAUx3Hk9jL1K+cLAFAtDFcBqs8G8ZuX8Sli4587E8OWu7u7ZXuZHjjMhmQFB2qP7aW/QPz3
2SaTy8Sd6Hzid6cLbNppjKLRiLq703t3xGLxO96RSDRnWJC6czHPy7roNMYoGu1lH0y8mqcroxop
kdAWst1clSu99Ryp2rHWIN/34+cpGu21i32iMidX740+f2acLwBAFVHJAVSRtVm9BTPFYt3FVxWH
AAEHQs/3s2c+KUXi4t5185T95+G4rqLRaFYPj8R+xastXDkpF5OJoCVxoZupkKFIxnFUV1eXdQGb
ut34Xfyj2w0SAU+J263WsdaCSCQia23ytRoEgbq7uuQ4rlzXkXGc5MsusFZBL6/rQn9mnC8AQDUR
cgDV4RfYXN4PArk19vtHwAHo6JCUXu9o9/b8nqqHXI1Kiw1g6urqCv5Dn5jLPjPkKGW70Whh263W
sdaCaDSaNaNJEPhFzYITjUaT56AQnC8AQDURcgys3qqaMXQEfmGvAxsEUo397g3JgCNaQiPGwcLU
WAlRNRljjlY5lOGOtBuJyBiTsxlkQfvjOKor4e6447oaNmxYcuhB0ds1pifcKHy71TrW0DNGdXV1
isWye2r0/dT40JBSPgByvgAA1UTIAQxOJXwsHPSGZMDBh/ShJdEtWDLJ6TOT02uWOS9yXFfDHEe+
7yf7YRSyf/GhMW7JY+Diw1WG9dyR9woKOuIBT0SRSGnbrdaxhp4xitbVye35ufV1rhJBXH+7XXO+
AADVRMgBDBzHMSrkXppTYvX6YGaCUm7nAeiblQIbyPZ0LrbWyiqeqSRCl0oFLbankWrmdmWMHGNk
jBNvblmu7VbxWMMu81wlxM+R6TlP5X6BcL4AANUR9ATtuUSjdSUPF0acTczWlmEw9tDqzmiWLw3O
/QyjfK+DTLX48x6SFRzAgDCSYxypCm8axnHkDuR2q3isYTfg50rifAEAqiZfJQfhBlA+xonfzOyt
UthxnJoLNyQCDgAAAAADKDPkINwon3z9+nzflwlBA1L6DZZPJBqV73k5+765rltU0/owqc2jAgAA
ADBoJUIOYxzCjXLKExCU0oi+Kgg4ysrt6aWWGA6dGIZcyz9nAg4AAAAAA46GopXR19CEwcqpweES
g4IxQ+p3jVcRAAAAANQI1w3nPeyw7jcGFwIOAAAAAKgRxjGKRKLV3o2iRCJRhiqhLJgmFgAAAABq
jbXyg0CBP3iHqzhuz2xyNdwTAgOLgAMAAAAAAIQeQ1QAAAAAAEDoEXAAAAAAAIDQI+AAAAAAAACh
R8ABAAAAAABCj4ADAAAAAACEHgEHAAAAAAAIPQIOAAAAAAAQegQcAAAAAAAg9Ag4AAAAAABA6BFw
AAAAAACA0CPgAAAAAAAAoUfAAQAAAAAAQo+AAwAAAAAAhB4BBwAAAAAACD0CDgAAAAAAEHoEHAAA
AAAAIPQIOAAAAAAAQOgRcAAAAAAAgNAj4AAAAAAAAKFHwAEAAAAAAEKPgAMAAAAAAIQeAQcAAAAA
AAg9Ag4AAAAAABB6BBwAAAAAACD0CDgAAAAAAEDoEXAAAAAAAIDQI+AAAAAAAAChR8ABAAAAAABC
j4ADAAAAAACEHgEHAAAAAAAIPQIOAAAAAAAQegQcAAAAAAAg9Ag4AAAAAABA6BFwAAAAAACA0CPg
AAAAAAAAoUfAAQAAAAAAQo+AAwAAAAAAhB4BBwAAAAAACD0CDgAAAAAAEHoEHAAAAAAAIPQIOAAA
AAAAQOgRcAAAAAAAgNAj4AAAAAAAAKFHwAEAAAAAAEKPgAMAAAAAAIQeAQcAAAAAAAg9Ag4AAAAA
ABB6BBwAAAAAACD0CDgAAAAAAEDoEXAAAAAAAIDQI+AAAAAAAAChR8ABAAAAAABCj4ADAAAAAACE
HgEHAAAAAAAIPQIOAAAAAAAQegQcAAAAAAAg9Ag4AAAAAABA6BFwAAAAAACA0IuYau8BAAAAAABA
P1HBAQAAAAAAQo+AAwAAAAAAhB4BBwAAAAAACD0CDgAAAAAAEHoEHAAAAAAAIPQIOAAAAAAAQOgR
cAAAAAAAgNAj4AAAAAAAAKFHwAEAAAAAAEKPgAMAAAAAAIQeAQcAAAAAAAg9Ag4AAAAAABB6BBwA
AAAAACD0CDgAAAAAAEDoEXAAAAAAAIDQI+AAAAAAAAChR8ABAAAAAABCj4ADAAAAAACEHgEHAAAA
AAAIPQIOAAAAAAAQegQcAAAAAAAg9Ag4AAAAAABA6BFwAAAAAACA0CPgAAAAAAAAoUfAAQAAAAAA
Qo+AAwAAAAAAhB4BBwAAAAAACD0CDgAAAAAAEHoEHAAAAAAAIPQIOAAAAAAAQOgRcAAAAAAAgNAj
4AAAAAAAAKFHwAEAAAAAAEKPgAMAAAAAAIQeAQcAAAAAAAg9Ag4AAAAAABB6BBwAAAAAACD0CDgA
AAAAAEDoEXAAAAAAAIDQI+AAAAAAAAChF6n2DqA41kq+tZIkI8l1THV3CAAAAACAQYCAI2QCa9Ud
iwccrmPkUoMDAAAAAEBtBxyBlTzfJh9HI0b56h2spJiXsqxrZPIsnLlsxDWikAIAAAAAgOqp6YDD
KD3gcJ38QzqCwKYt65h4cJF72YzgJM9yAAAAAABgYNT0AAdjlFZZEdj8y/pB749TBTY9CMlX6QEA
AAAAAAZGTQcckuSkJBxBL6GFn5F+BNYqXx6Suh6HsSkAAAAAAFRdzQccqU04UysvUgU2PjtJKmvj
w1ZyL58+7AUAAAAAAFRXTffgkCTHGKmnFsPaeJiRWXSRWr3hOib52A+yA4zMMMTJMT7FKh6OBEH8
30bxYSyuk79xadrzbXyfEtsp5rkAAAAAAAxFNR9wJPpwJDKMILByMpqCpvbbiLpHA454BUf6sqlV
Hbn6b3i+Vcy3WRUhkmRk5bpGdZH8SUW3l97s9OhxWEVdkxbYAAAAAACAuCExwCJ15pTMUSepQ1GM
kRznaF+NwGYvn/o4s/9Gt2fV7eUON6R4LOH5Vl2x3At0xXKHG4n97PasvN46pQIAAAAAMETVfAWH
FA8t5Mf/7WdUZfg2fXhK/P9HG4lmVnykD2dR2tcT4YTpmWI20jOsJDHkJFHZEV82fRramG+zhspE
XMkYI2ut/J6pafMFIAAAAAAADGVDooIjtU+GzeihkTojSiKwcE1qoHH0+5nPTV1vt3d+D9f/AAAg
AElEQVT0G3URo6h7tGdGIvCIRtIDjeR6pbTgIhoxGhY1ch0jp6f/Rl2k96EtAAAAAAAMZUMi4IgP
PUkdpnI0TPDTemrEl3Gco701UpdN/Xdq/43UhqCuY9KGxKSK9AQW0tGGp1K8SiTxfMfE+4DkfL6b
f90AAAAAAAxlQyLgkDKHk8T/HwRHKzKcjFlKEmFHYkhJ6vPi60sJTFK+bkz8cb7/TFo1ic16vpsn
3Dj6/b6OFAAAAACAoWdI9OCQ0qeGjVdimLz9NBKPU4OQeF+OlAqOlOVTu2KU0icjdem+CjSYRQUA
AAAAgGxDqILjaIVGEMQjgsymnpnLJySGoAR5+m/kmzWlUP19PgAAAAAAQ92QqeCQ4qGEnxwWYpOB
hTHZlROJryWmik2dbSVzOEvqv4dFTdb0sfkkljK01QAAAAAAoF+GTAWHlD6sJHUWk3yNO1ODCi9l
lpTMNhmpAYW18eCikP+Sz0/5d9BHNUfQ1wIAAAAAAAxBQyrgSJ3+Ndf0sFnLp3w9bXhKZr+OlPV6
fQQQ3V68R0e+9fXVv8MLev02AAAAAABD0pAKOFKnf037ep4xInm/nlHx4ThHh7gEgRTzcocUsZ4G
pN2eTVsmtT+ItfEQJJduz1LBAQAAAABADkOqB4eU3odDyu6nkcqYePjgBxnL51g2GjHqisWXi/VU
aLg9gUp8qtn0pqaRjHEuUdckgw3PjwcZrmtSnm/Tqk4AAAAAAMBRQy7gSJ3+NfG4N06By7uOUV3k
aPWFH9i056WKRkzWeiKuUWCPDlEJrBRkVHIYkx6EAAAAAACAuCEXcMSHl6Q2DO19ChPXGMVSlu9t
gpRIT8VFzLM5m4U6JhFu5F5JXcTIMfEKkMypYx0j1UWcnmoTAg4AAAAAAFIZazMvpVEOgZWsjQcV
xkjGmF7DkaznB1LQE2Q4MlmNTQEAAAAAwFEEHAAAAAAAIPSoCwAAAAAAAKFHwAEAAAAAAEKPgAMA
AAAAAIQeAQcAAAAAAAg9Ag4AAAAAABB6BBwAAAAAACD0CDgAAAAAAEDoEXAAAAAAAIDQi1R7B8LG
WslKstbG/93zOBcjyZjEfyb5GAAAAAAAlBcBRx/8QAqsVdDzf5svzehT/InGSI4xcpz4/11qaAAA
AAAA6DdjbemX7LXIWskPbDLYqPRPJxF4uI7kOoYKDwAAAAAASkDA0cMPrDw//v9qch2jiBv/PwAA
AAAAKMyQDzg838rzraqca2RxjBRxjSIuQQcAAAAAAH0ZsgFHrCfYGOxHb3qCjihBBwAAAAAAeQ25
gMPzrWIhCDYyGSNFqegAAAAAACCnIRNwBEG8aqPaPTb6y3Xi1RwOs68AAAAAAJA0JAKOmBev2qgl
UdcoGqGaAwAAAAAAqcYDjsDGw42wV23k4zrxkIMJVwAAAAAAQ13NBhxeYBWLWdXkwaUwkqJRowgp
BwAAAABgCKvJgCPmW8W8mjusXkUjzLQCAAAAABi6ai7g6Pbi078ORRHXqI6+HAAAAACAIaim5uIY
yuGGFJ8Ct3uIVa4AAAAAACDVUMAx1MONBEIOAAAAAMBQVBMBB+FGOkIOAAAAAMBQE/qAI0a4kZM3
BButAgAAAACGrlAHHJ5vFSPcyCvmE/4AAAAAAIaG0AYcfsAwjEJ0e1Z+wM8JAAAAAFDbQhlwWCvC
jSJ0e1a1NRkwAAAAAADpQhlwcMFeHAIhAACA/5+9u11TVMnWBToDNHP3/d/r6S4F4vwwUURUVFDR
MZ5dXasylW/cxkvEDAA+3eICjqo25OIedaMeBwAAAJ9rUQFHzqGo6AO2tZ4vAAAAfKZFBRwa6I8R
EAEAAPCpFhNw1E0YYjGB3RCfV28FAAAATGsxAYdwYzqOJQAAAJ9mEQFH3SgsOiXHEwAAgE+ziICj
ql+9BZ/HMQUAAOCTvH3A0TSht8EM6iZHoxYHAAAAH+LtA45KuDEbxxYAAIBPsXr1BlyS83MKYpZF
irKMKFKKlCJSZ/05IpomR9Xs/r51uXPIOccU2URV51iXu30GAACAJXvrgGPuoSlFiliviijP9GNp
w46iTLEqd1PVbqvx4cK6TFHM0EdmW0U0EwU/dZNjVUo4AAAAWLa3HqJSz1gjYlWm+P05H24MKYsU
v+titp4ZrzDnMQYAAIBneduAI+f5enCsyhQ/qxT3xBQpRfyu08eEHHWTIyvFAQAAwMK97RCVucKN
otiFG30574puNs2uxkX6q8dRFsO1NH5WKf63vRwO5MiR8+NByNw1MgxTAQAAYOneNuCYq/zGULhR
Nzk2VS+s+PtHVe9CjvUqRTfnSGlXY2NTnd/Qf9scuzKlj21vP3yY+tiYTAUAAICle9uAY44eHGVx
HFK069kFEZe3JW9z/K6Lo94UZZki1fMN8ShSnIQbdZMnPza75enB8U5yzlFVVUREpJRitZrmVm2X
WRRFFHNUwP0Cc50bplXXdTTNrshQWZaudwCAL/CW3/iaHLOEBkU67k+Rc1zsgdHfpv6UtSnmmwo2
YtdrpG9bT7+enPXieDc552iaZv9nCtvtNuq6jrquY7vdRlZ85S5znBum1z1PrnUAgO/wlo8em5m+
jG7rHNVfvYmySNHcWGCzanKsez0d5so3yuK0kGnd5GhmSiKanKOYu9jHg+r6ON0py/Km97cNnnvf
v3T9xnjTNF93DGBq/c+lR7gfAQAe85YBR57xoWjOEdsqx/aO2hj5r2fJUQ4wUyawHij6uR3Z2+Qe
uYk37c9zUNf1yZPYWxsE7dCCSOnrGhNFURyFHLrsw+P2nykTKIoi0psHzQAA7+wtA45FDZeYYVtX
ZYp+27Oq86zHZVHH/E9VVYtqEFRVtQ8YVqvV0wOG1Wq1D4nKslzMcQOW69Wfe0zPOQXgnb1lwPHO
46X7bcI5trRfWDTn3fCaOe2O+fIavFVVxXq9fvVmjJJzfum1rSAmTO/aPdXt4XEtWPzE0PHVn3tM
zzkF4J29ZWvnXf/fZj94iIiYusbgujyd6aW6sVbIPd71mF/TFhH0BAl4hWtD3W4JOAAAeMzbtQrb
OhfvqOwdrZynnc42DUwLmwdmb5nDOx/3Id1GxZRj4AEAAFimtws43lU780rXlOFGxK73Rv/h3rae
v/fGEnWfhOachRwAAABf7u2GqLxjW74oUqxXvZ4VMW3PiiJFlL3eG82Tem+0llaFY7VaxXa7jYjd
DCtzdf+u63o/FGYvRRSpiLIsLw6PqZtm3zWmO2a5bpqjf6eURg2zyTnvt6d9f/vea/vfnSZ3aH3n
ft80zX6dR9tbFlEWtx3z/bI6XYaGtr+7f/cWkj23P0PHMFKK4m9mnTmGO+2vodwcfcgVRbH/c8+5
e+TcPON855yjbupo6uHrvf1zi8HzF7G/hj5puNpc183c98BUn3uPfPY+oj1u/XWnlCKNOEbnjntd
10ezgZVlebaGyxz3ziPX0xTndI59AoC+tws43i3hSCnid5VOGv5Tz2qyGljHnNPCDlpYwtE2aOq6
jojpC442TbMPUE7kiCbvvvymlGK9Xg9+MayrarAYW1PX0S3fcumLXbvcqqr2+3q0KX+NlbquY7Va
na0J0O3pMrS+o9//fYHfbrfHjYvuOqs66qhjvV5f/VLaLvvssv62v/3C321g//z8XFz2tXV296eu
6+HePjlH89coKYoiVqvVJGFZ0zRRnbkG2t93ZyMYde4mOjdznu+IOH+s4/icF0Ux+r49dw9EHNfj
WXox3Tmvm2fcA49+7k3x2Xuva9dtG15cWnf/uKeUYrvdnhyTc+d36ntniuvp0XM6x+cBAAwRlV+Q
UsTvujgZNtLkacOHokix6g1/aZrph8B8ou4XsfbJ8xSquh78gt0+wevKOcdmsxlsGE6l37Ab2o6h
190t55PG7rl1Dn1xP17U6bK6y+y69CX4UVVVnSw7pXQS6rWNq0dnCTi3nIfP3YTnZq5lnjvWqThd
ZtM0sdlsri5zu90OHp+h5Z1tHC/AbNdNPP8euMcrP3uHjs+1dV89Rn9hx9hjOfW9M+f1NNYcnwcA
cM6yH3PNKKWIn1VxMqNJzhGb7bQN2fXAw7e5p4X9FO3Up+2Xp6qq7h7S0GqaJurOl7F2Hf2nUv3G
+Ha7jZ+fn6N1r1ar/Re1ftfk7usubW/3y3tZlifv7Tfoqqq6OrPDNd11Dj3R638Jruo61meemve/
3A89He728Jj6y3VERG6a3bCYGB7K0H2C2P67PZ/32o64hvpPVsdcv1OemzmW2T2OEcPXbPu69v5p
z/+5J7f9ITPnrqHuEIA5rqNnmOu6eeY9cO/n3pSfvbfqX7fnhjydW/c5/c/v7nnqN+LnuHemup7u
Padz7BMAXPJ+PTjeZIjEzyqdzJoSEbGpph2aUhbDxUtf0nvjTY79rfpfQh9p2LRf6ltFUcTPz89g
l9uyLE++VPefUrVfkvtf6Lo/HzuWfLVaDXYbb7exa6rG3c/Pz2BY0m5Lq7kybKD7vqFu3W1370eD
mXO6X8aHhli0X/y7X6gfaSTXdX1UY+TcsI62O3b3eIxd56PnZo5l9gv+nrtmIw7nYr/Mfq2FM8ts
3zd0DfW3c2nmvG6eeQ/c87k39WfvLc5dY+fW3T9GY3qQtNdmGxz0a1XMce9MeT3de06n3icAuOb9
Ao438Ls+DR0iduHG5DOnrE7Xo/fG7bqNmv7T3lv0h4Fce4LUNgpac30pa79EXtqO7u+n6N57bQx+
f3vOfsH+c20fxqzzEf1zNaS/jY8ERe1+lFf2KaUUZe8aumaKczPHMo/unxHne8zxPl7m9XPYNrSW
as7r5tn3wC1e+dnbX/fUx2jMNTnHvRMx7/V0zVz7BACXvF3A8epOBJfCjalnNFmV6WQITFXneNVD
i1cf+0f0G/j3Ps076ko78klwv6jaHAHHmKfS/e76jxrTq+RaGNHvnj3GXE/gxy63HxTdcyzbJ8y/
v79RjjiOxY3nbopzM8cyj3rrjDzf1+6d7j25Km8/h0sy93XzzHvgVq/87K2bzjV247rHhBdjrsc5
7p25r6dr5tgnALjm/QKO03pnT7MblvKccCOliHVvWtgcr+u9kf62acm6T6Dv6Vrd/0I35gvh/rW9
YqdTG9NYnTLgOFeA7pZ1Hk/tOG4a3IhxDe17jF1uv+v4M75k3xJGTHFu5lhmvyF8y/HuL+fcOm5Z
5lw9gd7JHCFWu9xn3gOv/OzNOZ9MmTpGO6xjqKZF37XzNMe9c48p75l32ScAvs9bDlZOaT9s9Gl+
VilW5XPCjYhd743+d4mqzk/f79antAVWq9V+HPetBUe7X6Ru/aI3de+Jc8tekqMvt3cczymP4zuc
z5Mn4Sn9BYvLPL99/eM0xUwmj9yT7ZSoSzfVdfMO98A5r/zsfWTdY4xZ5hz3zqV1PeNz6Jn7BABd
bxpwPDfheHa4kVKcTAubc8yyrrE+pZHVdhtun+TdUol9qi/Z7bI+5Zi+RIqjp6oPL27mxuA5/Zkp
zqzspifW7+piD54JlvlN99Mc182r7oExXvnZ+w7X2Bz3Tn/5z/4cmnufAOCcNw04nreuZ4cbEbuh
Ke/UeyPic3pwROx6cWw2m4g4FJ6ba9gDM3mjXsn3Pr3uT997YQUf0dOg79WBxKvXf693vG4ME3iu
Ka/dd7melno/ArA8bxlwDJTBmMUrwo0ixck6m/z6mVOedcyfoa2C3xYararqZBrVqfUbAL7MLfsY
PPpUt9+oaIvgdmtDtF3FH5mO9l219QleaYmN8ne6bt6hZ8MYn/bZO+W98y7X0zt8HgDwPd4z4Cgm
7p8+4BXhRsTwtLCvHJrSKj4p4Yhd4bm6rvdf3KqqulrJ/pljzr9B93je0j15jlkbHlnePQ2m7iw+
577cd5dbluW+19FSzXH/PLLMJd7Dc143z74H7l3+s8/bO3zuz7UNr/wceofjCsB3est++0Wad8jE
q8KNsjidpaV5ce2NiN2x/rB8IyKOp/trw45LusNYbm1kdxvwhsPs9BtFY0OOOcZq33o+u9NG3tO4
665rrmlv380j9885/UbSvffkUsx53Tz7HrjFKz97H7nGpmq4z3HvtMtqPftzaK59AoBr3rYlduus
C2O9KtyIOJ0WNiJiW73+/+nPdaxfrSiKo14b3adZl97TuqW7bve1Y75kv/6sP0f3WIw5/hG3Hfdb
jF1u0zR3TRvZuqfL/KcMUblnatG2h9XQ6/vTvb4yJJvbM66bZ90D51z63HvWZ29f/xobu+66rmOz
2cRms5nk/p363nnW59DYczrFPgHAGG8bcJQzbNn6TLixrXLUTY7013Pk1j9jrMoU/e9edbNb76vN
cazfRTfgGPMEqfv6uq5Hfcmqer1DRn3J/pKnWd2nhjnnq8XuttvtbE/6xvTiiTgOYq4NaxoyNKvD
JZ9Ug6MfKI493nVdx3a7HTwO9y5zjPbYv0Nj6hnXzbPugbMurPtpn70j1j3mGLXHfqoZs6a+d572
OTTynE71edDd1ne4bwF4P2/bd3qOOhzlmS8h61WKddz/BeX//bv+/2QHg5U3adN8Wv2Nrn7B0WuK
ooiU0v6L2Ha7jfV6ffaLc13XUXeWvVqtzn7Z7T8lbNf1ydqidu0X1aZpYrPZRFmWR8e6aZpDwyKl
3SyxMwQdm+02ftbrs8e9H7Dc27jrXkOXpioeE/osSX+a5vb+OXe8+09qh+6zbj2da8tsn/6OuXZy
zkf1BsqyfPlwomdcN8+6B1pjP/fm/Oy9pn+NbTab+Pn5GXWMUkqT9HCZ496Z63q65ZxOvU/veN8C
8F7e9v8rFGnX8G7eoIfDo9ZlOqlxUTf5LfatKE637dP0v7xes16vj75Abbfb/Re1buX5/jL7Q2L6
iqI4euq32Wz2X+ByzrPP9PIqq9VqH2JEHBqh56xXq5vO1xj7L/qd4949n23A0t/uRxpM7T72Q52I
OAp1jrbvA3Snac5njvfQ/XPpeK9Wq30DrF1mfzaI/jnsNqyG9H9X1/XLG0pzXjfPvgdat3zuzfXZ
O0Z/3bdct1OZ+t6Z63q65ZxOvU/veN8C8F7e+v8rlEXE0nsgpoFpYSPeo/ZGxGcPT+nqf3m9JKUU
Pz8/R0/pmqa52FgaMw1e/2lWu9x2nZ9svV7vux6flSLWq/XRl+eptD152kbytfNZrlYPNZjKsjxa
x6VQJ6V00/X57u65f8qyvBoOrtfro6fMl66RtsGztC7sc143z74HWrd87s312TtGezy719i1da9W
q0mLSk9978x1Pc19Tq99HgDAJW/dvF19QNeCnHcFTLu1Nqo6xxt03oiIzzjGY7RDJW55/c/Pz/X3
/DUaxn7BXq/XX/vFbbVaxc/Pz75R0HbtLooiVqtV/P78zjoDTVEUF7udRxy+5K8mOEfr9frqk8Wy
LK9u0xK1x/Ha+dwf7xFPYNvzd2mZ7fLG3GPdJ9kREasJGslTmPO6efY90Lrlc2+uz94xxlxj7Tau
x2zjHaa+d+a6nm49p1Pt07vetwC8j5TfvF/0v+17FOKcQlmkWJW7wOMdjnpZpPhdf1bDai5N0xxN
ddd2jX+kQd4ur1/Fn1338PZY3xsANE2zfxrbNppabdfs/jj6uc7D0fWTIopUfM15b/e7yYeZOR49
3kPn7977caoikXN49Lp5p3ugu95bPvfm+Oy9ZTv7635m7aSp7525PoduOadT7dM737cAvNZbD1GJ
iFiVEfWyehmftZs15dVbcbD6zo4Ed5njy/S3NHDv0c1d5zhGt/boedTcjbF3tm+QTthhcMrz9873
4JzXzbPvge56bznmr7p33uHzeep7Z65jecuxmmqfXn1uAHhfbx9wlMVuetV3KMj5SYoiRfklw1N4
nfYpcdM0owsBdsdm+xILAACMtYjHiqtFbOWyOKY8Q1vUrmma0dN3dovgFd9SBRcAAHjYIloPqzJF
obfBZIoiDc7sAlMrimI3ldCfbiX9If3fl4VxVAAAwDhvP0SltS4j/r1R/YolW2sz8kTrztSUOefY
bDYnlfCbpom6aaJbfXe1WhmiAgAAjLaYgKMsUpRFfMyMKq9Sqr3BkxVFEev1eh9yRETUdR11XZ99
T7kqv3Y6XQAA4D6LGKLSWq80zB/lGPIKRVHEz8/P1Sr+bRiyKheTvQIAAG8i5TFV/97Its6xrRa1
yW9jvUqxVnuDF8s5H/1ppw18h2kZAQCA5VrcY9J1maJpDFW5VVkIN3gPggwAAGAOixqi0jLM4naO
GQAAAJ9skQFHkSJ+NNhH+1mlUFcUAACAT7bIgCMiYlUacjHGukyxcpwAAAD4cIsNOCJ2wy403s9b
lcnQFAAAAL7CogOOiN3wi9L4ixNlkQzjAQAA4GssPuCIiPhZCzm6yiLFz9rxAAAA4Ht8RMCRQsjR
asMNRwIAAIBv8hEBR8Qu5Pj98pCjLFL8CjcAAAD4QinnnF+9EVPbVDmq+uN266JVqeYGAAAA3+sj
A46IiG2dY1t95K6dWK9MmQsAAMB3+9iAIyKibnJsqhyfuocpmUUGAAAAIj484IiIyHnXm+PThqys
yl2vjSTbAAAAgM8POFpVsxuysvS9TWk3JGWl1wYAAADsfU3A0dpWObYL7c2xLlOsFRIFAACAE18X
cERENDmiWtCwlVWZYlWm0GkDAAAAhn1lwNF696BDsAEAAADjfHXA0cp5N+NK1eRomtduS1FErIrd
zCgKiAIAAMA4Ao6eJkfUdY66ydE86cgUKaIsUpR6awAAAMBdBBwXtD07mhzRTBh4FCmiKNI+2NBT
AwAAAB4j4LhBjl3o0eTddLPtn/Z37f9GpGgzi5QOf4q0CzPkGQAAADAtAQcAAACweMWrNwAAAADg
UQIOAAAAYPEEHAAAAMDiCTgAAACAxRNwAAAAAIsn4AAAAAAWT8ABAAAALJ6AAwAAAFg8AQcAAACw
eAIOAAAAYPEEHAAAAMDiCTgAAACAxRNwAAAAAIsn4AAAAAAWT8ABAAAALJ6AAwAAAFg8AQcAAACw
eAIOAAAAYPEEHAAAAMDiCTgAAACAxRNwAAAAAIsn4AAAAAAWT8ABAAAALJ6AAwAAAFg8AQcAAACw
eAIOAAAAYPEEHAAAAMDiCTgAAACAxRNwAAAAAIsn4AAAAAAWT8ABAAAALJ6AAwAAAFg8AQcAAACw
eAIOAAAAYPEEHAAAAMDiCTgAAACAxRNwAAAAAIsn4AAAAAAWT8ABAAAALJ6AAwAAAFg8AQcAAACw
eAIOAAAAYPEEHAAAAMDiCTgAAACAxRNwAAAAAIsn4AAAAAAWT8ABAAAALJ6AAwAAAFg8AQcAAACw
eAIOAAAAYPEEHAAAAMDiCTgAAACAxRNwAAAAAIsn4AAAAAAWT8ABAAAALJ6AAwAAAFg8AQcAAACw
eAIO+BA551dvwsNyzpPux9TLmmJ5n3CeeH/fcC8BAPStXr0BMFbTNFHX9eDvUkr7v1NKURTfkd21
x6RpmqOfl2UZZVnuj8sY3eWs1+tJt/OSc/tQFEWUq1UUN+xDxG4/6ro+aUDdc0ym2rYpz9PSbLfb
/X8/87p6tpxzVFUVZVm+7PPnG+6lc6qq2m/nK88BAPBaKXuMwkLUdR1VVY1+fVmWsVp9boZXVdXZ
wKe1Xq9HfdHfbrdHDY/f39+Ht2+MMfuwWq2iLMury8o5x3a7vfpkeOzyptq2Kc/T0uScY7PZ7P/9
rOvq2fqfTT8/P08Prb7hXjqnf/wfWRYAsGyf940a/tR1HZvN5iO7QrdPVruKojhpVF1rpDRNE5vN
5uSp6jMM7UNKKaK3D1VVXd2+nHNsBva17dHTX159ZXlTbdtU54n3VVXVSfD67HP5DffSpe29JfgG
AD7b5z7e5qMVRXHyhK4d1103dUQ+/Gyz2bzkiepc+l/o+z1V2gZK/DVQ6roe7Mlya4+YqV3ah6Zp
YltVR/twqYdD1XltxGmPiJxzbKtt5Gb3mmq7jeLCNTHFtk11nnhf/Z4JRVG8ZBjOp99Llwg3AIAu
PThYpLbORvdP++X59+f3pKH4SV+Cu085i6I42deU0kkjoq8fbjx7eES3Udjf3nZ71lf2ofu77u+H
hnuklOJnfdwIO9dlfqptm+I88b76PRNWq9VLwo1vuJfOGarpAQB8N48L+Uht7462Ed9+cR/TkO8X
1WvDlFt7gDRNczRbwL3L6WufEuecz+5Pt2DfUHf57s/a8er//v17aLvudW6sfH/fcs6Dx67bwLlW
XHC1Wu2LXo7pMfHItk1xnr5Jznl/z7Ta8HLMe1vteegvL6U0WV2Gfu+cd6n58Kn30pD+OSiKQtgB
AAg4+FxlWR49kbzW/fnakI2xRUunWs45Q2Ph+4YafEPLWa/XLxm6087CMLYxc0nd6ylxSRswtcdn
KPSaatumOk+frm2onutpFHE9QOjWMPn9/T1b1LKqqkkKunZnhmmvl1f5hntpcFt7vWe+PSAEAHYM
UeGjdRsezYUvwEOFAvvquj5q2DyynM12c/E1j+p++R9qfBVF8RZ1SS6tf6jI4eBrek/8r+m+5tIT
30e3bYxr5+nTtTVyrj15HzMLx9jXPlrQtd8r5F3qpnzTvdSdMnzKnjkAwPK9xzczmMnRl+W/4SL9
L9D9sfTtU8f26WTTNEdDXeq6HvxC3V9OWxekXU53vHhu8tnl3GO/3L/1XOuWv4QpScf0brinB0T3
dfc2dO/teXHrefp03TCwDQvaa7Pfs6OqqlFDvLq9PtrXdhvE7WvuDSaGeg70Q48phqJN6dPupe51
84q6JwDA+xJw8NHGfGG+NJa+2/BsX1fV1WBj9NJsAW2jp/t0uaqGl3OPoZ4lQ4Utl2RM74Zuk+qe
Rtm97u158Ynn6RHdxu3Pz8/R79ohVN2pnpumGXW8+72T2tCkPW/31mpow4x2+3LOZ3t1FWV5VEDz
lT7pXqrqan89tAEyAEDrPb59wZP0e3B0GzqXnqKXZXl44p6vL+dcg3W1WkXTNJbvLmcAACAASURB
VKPqMzwqn+mxsgT92RzONnweHHd/z1Pn0dt2wzZMcZ7ubbS/sjfPz8/P1XNQluU+PBxzvs41ett7
eOxyhnTf1y9y2dfUdWya5iS4ebZPupdyzlFXf4HIGw0PAgDeh28HfJV+w6c/lefFRmKK/WPOSwHH
tQbjHA2etmHQfcLcPl2eoqjiM/Wfis/ZiLk1VHh02+Y8T9fqw5zz6losU697zmt9qBHfDqvpDkXr
BilTDkW71afdS0dDU4QbAMAA3xD4at0GS7+Gxtj39f/9ijCh3zjoDoXZbrfx+/v79G26R7/R09Yx
OeeexvEjT+9v2bYhn3KeptbW2jg6NykdTaM71qVZgx7Vv3b6oVTbeyuldHVI29w+7V7q1jAaO30w
APB9BBx8tH6PjKmeFr/7sI92KMylKRzfTdvouWWGiqNeNHncEI17ihres21jTHme7i22+MpruZ1F
5cwvL8589GptXZ0h3WE1Q0Pa5vZp91J/ONCY1wMA30nAwUe7ZejI0oZyXFMUxaGoYs5vPSd0v9ET
sTsf1xpNx7PkjGtI3trb5t5tG2uq8/Sqa/eRUKb7FL+tgdMe17Y2ydheVc825tpsr5lnBhyfeC/1
r4GzoVjn9e17vrVXFAB8KwEHH6vfOBr6Aj7FNIf95Vxr8D3a2GkL8zVNczSt5kVv/ESzaZqThu4t
AUK3dsq1WTa6tS/adc21bZ92nvq6s5ucq+Nx6Z7qT616rjZNd7jHq9173z4r3PjUewkAYKx3fqgL
dzuZvjENV+jvNjqvPSlu6yUMNdrGLqftkv/v37+7i0K2Tyf7DYy+Wxofr1LX9clY/FsbPd1jX1XV
xUZ11Qu8Lq3n0W37pPM0pHuUz+3fpSEMY5/+3zs7zBy623lpu9reJ61nnNdPvpfaWacu/Tn3HgDg
u+jBwcdoGxVN05yEDOvVcH2C7uwH7TjvofHd3WKQQ0+bu8uJiP2sGEPLeVT3KWtd14PT2/YbJ1MN
X+gW+ou4v+5DRMS2qqLpnKeyLO+qa3E0hW/E/hz2Gzd1XZ+sb85te+V5eoayM7SmqqqTRm6/bsKl
430uLOhPI/pqbaP52n3eb8wPcS/dtl3XipB2P6NXq9XLZq4BAF5LwMEi3TLjybXhAavVat8gaRsd
bS2ANjDpNkTOfTnvLqdpmthsNofgI3I09fEsEfd+AR9qhNR1vd/H/mwU3boGj+qu95EGRNM0R42e
9meXxtZfauQMHfv+Oewfk3PXxFTb9srz9Azt/rWOrveBXiv94939d9vjqntv3XKPP9PF+3ygZsi5
zwv30u3bBgBwjYCDj9VW57/2VLwoilitVvunzf0nz12Xlje0nHMNtNE1Gc5Yr9dHjYRz62q3aQr9
bvdTN0Ku1UC59Pv+sY84P1TonmNy77a94jw9S1tDodtb4Vxvi6HhCG2Pln2B1TMN336Q8mq33Ofn
hmG4l+7/PQDAJcv6Rg1XtFM3tn/Gap9Qnht33jbGrjVExizn0XCjXc7Pz09UVXW2UTl1N+3+jDTv
1tvg2rGPeH7X9Vecp2dqaynce723jeOhBnQboLzTEJXWtWutbfifu0fcSwAA80jZ4xI4cjI7QFFE
cUcDpH1K295iczZk+jNSzFHLYbvd7o/Lu0+p2z/2cx2TWz3jPL1K9765VPzx3Hufda9MrbvtY/fb
vQQAMA8BBzDKv3//IuLylJ7Ade4lAIB5eAwDXNXt0aJbOtzPvQQAMB89OICrukMrNMrgfu4lAID5
CDgAAACAxTNEBQAAAFg8AQcAAACweAIOAAAAYPEEHAAAAMDiCTgAAACAxRNwAAAAAIsn4AAAAAAW
T8ABAAAALJ6AAwAAAFg8AQcAAACweAIOAAAAYPEEHAAAAMDiCTgAAACAxRNwAAAAAIsn4AAAAAAW
T8ABAAAALJ6AAwAAAFg8AQcAAACweAIOAAAAYPEEHAAAAMDiCTgAAACAxRNwAAAAAIsn4AAAAAAW
T8ABAAAALJ6AAwAAAFg8AQcAAACweAIOAAAAYPEEHAAAAMDiCTgAAACAxRNwAAAAAIsn4AAAAAAW
T8ABAAAALJ6AAwAAAFg8AQcAAACweAIOAAAAYPEEHAAAAMDiCTgAAACAxRNwAAAAAIsn4AAAAAAW
T8ABAAAALJ6AAwAAAFg8AQcAAACweAIOAAAAYPFWr96Ad5NzjoiIlNKLt4RnyDlHEzmaHNHkHDly
5ByRI7960wAAAI6kSJHS7u8ipShSRBFJ+/VPym2L/ovVdR11XUf/UBRFEUVRRFmWL9oy5tDkHFVu
osk5Gpc/AACwcLuwI8UqFVF8cdjx1QFHk3NU2+1JsNGXihQ/658nbRVzyBFRNU3Uf8EGAADAJypS
ijIVsSqK+Lao42sDjpxzbDabk5+3XXuGenOs1+unbBvTaYONbVO/elMAAACeal2UXxV0fG0Njro+
bvCu1+soikPN1ZzzfuhKRETTNNE0zdFreG+7YKNRTwMAAPhK26aOqmliXex6dHw6AUechhsRu54c
q9VqV4SyafbvEXC8vybn2P4NRwEAAPhmOXJsmjrqnGNdfHaNjq8NOLouhRar1Sq2VRVFOq5M2x3C
cqli7bnXDf28DVO6M7kocHqbqmliYzgKAADAkTo3UddN/PwNW/lEAo6Ii0NPUkrxM1B7o1u/4/f3
d/C9R3U+Uorfn0Oh0m2nuOnv729UVXUybCYioqqqwR4mnNr8db8CAABg2Kapo4kcP8XnPUz/2lZz
NzDYbreD4cKznAs3WtsRM718u00t3AAAABijaprYvLANPJevDThWq+POK1VVxb9//6KqqqeHCW24
sVqtYr1ex3q9Phma8soA5t39q+uo1NsAAAAYrcpN/PuwdubXDlFJKcV6vY5tVUV0Ao125pSUUhRF
EWVZXqyxMZWfn5+j9bQ9TLqzuHBqU9eKiQIAANyhzk1s6oifD6n9+LU9OCJ2IcLvz0+Uq9Ocp50m
drPZRFVVs27HuRCl24vDEJVTm0bPDQAAgEdU+XMmavjaHhxdq7KMVVlG0zTRNM3JcJC6rqNpmliv
17P05lBA9HZV06i5AQAAMIGqaaKItPjZVZa99RMriiJWq1X8/v6ezFySc56tJ8e50OQZQ2OWqMn5
YxJGAACAd7Bp6mgWPnJAwHFGURSxXq+PipE2TWOoyBvY6rkBAAAwuaW3tb424Mg5jwos+vUxBByv
VTWNoqIAAAAzqPOySwF8ZQ2O7Xa7n5Wk7alxSUppH2wMxRs558HhJMKQaeVYfqIIAADwzrZNE2VR
xBILJnxlD45ubY2maa6OM+pO0Tp0ks8FGf1ipTymaprIgxETAAAAU8iRF9uL4ysDjrI3x2+13Q6G
FDnn2G63Rz9rw5Fuj42hIKOdkYVp7HpvCIwAAADmtm3qRT5a/sohKhERq9VqPytKzjk2m00URbEP
LtoaHf33tMqy3L+/aZrYbDb74KTJORq9Nya11AQRAABgiaqmifXCpo392oCjLMvIOR/1vrjU46Is
y6OeH2VZRl3Xh9ocA9PIdkMUHqOwKAAAwPPUuYn1wgZ9LGtrJ7ZarWK9Xg8WCG2llE6mi21deu9q
tToZCsN9mpwXPx8zAADAkiyxHZayqT4iYtcDo/0TsQs22j9j3tv2/kgpHRUx5XGbpjZEBQAA4MlW
RRE/xXIe3H/tEJW+sWHGuffqrTGfpaWGAAAAn2BpbTFdDXhreYHdogAAAD5B0xnlsAQCDt5as8jJ
iQAAAD7DktpkAg7eWrOcewkAAODjLKlNpgYHb+0Vw1PWRRn9aizbpok8MrksUxFlp55LE/kri6QW
KcUqHWeoTc5RjZzyN0U6mXc7R8S2qYff8EFWqYiicw3dcv3NaejeuNXmC84fAMAnWVLJAAEHb+0V
jbrVUMHZFLGpxzXMipRi1WmY1zlHFd8XcDQ5R1Gko4Z6joi6yqPO67oojo5jxPc0jssiRdkJh7Zv
EpAN3hs3+pZzCADwKd7hQdtYhqjw1t4lLFyl4qjByTj9hnmKOOmVMaQfEkX89f54k4Y+AAB8i3dp
k42hxcZbe6e0cEzDnGN1bqLuDUlZFcfDL4asB+ba9uQfAACe753aZNcYogIjFSnFuii/ogbElDZ1
E/+3Ko5qN/wUZfyvrgZf369hEhFRNc2ixv59i6pZUk1tAAA+nYADbrAqir9GnWbdWPmvyGq3B0w7
BGVoyMlwYVFDU95RnfNJDx0AAHgVfe7him6UkSLip3zObZMenq/ifWyb+qQHxrooTvZxaPjKtqlv
CpTmOG5LOxdL295ncEwAAD6fHhxwxbap46dTE2I3hGL6J9fttKhFOp15JOccTc6D04X2h3Rcm0q1
P9XnpafwKaVYp2lmMtk2TfyWh+PY7m+7vKFpYccUFr33uF2yKnZFZYt03CzOf9tU5yaqJkdcWGZ/
mtz2OO+GOhVRpMOwnappHqoxskpFlMXA9ub8N03xe/W0GBqGNHb/V0UR3QFP56YenuO6AADgvQk4
4Iq6ydGkfNRIWhdF1PV0DcZ1UZ4tYppiFzS0wzq2TXMSYPRnHDk/jOY0REg5n92XVW82k/xAHYw6
N1Hl40b/qiiiyrv6GquBHh3XhqY8etz6ylTsG8XnllmmFGUqY51ybJrTIqqtk5lgmiYiivgpy5O+
BP3VNTkijWh4FynFT1Ge396UoowUZRlR5yI29W29YeaSI8eqV0h2zHCXFOkobIwYnr556usCAIBl
MEQFrkjp9OlyW3B0Cj/l+cbYkHVRHDXy6nxa6LH/dPzSzy/NaFL0em/UDxb63Nan27rrUXI6LWw1
MANL16PHra9MRfyW58OCvpRS/JTlTdMHD4UbQ7ZNHf+rq/2foVAipXTT9pZ/r38HzV8Piq7++R9S
Fsf7miNOem9MfV0AALAcenDACO1QiW4jbIqCo+uiPOrRELF7ul03+W+5KVLaNb67TbtVURx1zW9y
PgovipQGR08MBRy7XgnFYJjQa08+HHDkyANDfnYN7/5QkO2FHjJTHbeDNFhbpf5riOfIkSJF2Rvu
kGJ8b55+A77tDZNGBhR9PwM9Xq5t76Xirs+2G65zuA52w2vSxfupf87r3n5Mf10AALAkAg64YteI
3I3XL4u0b1S2BUf/DXSRH6OtxdBV5SY2dRP9dCJFc/K0fl0UUdUXAo4Bl3p21L12ZdvgbOWISeo4
VE0Tq1ScNLz7rznX0J3yuB1+drqv/+rqpJfB9u/93d47RUpnA6IhTc6xOSq6mk6CpDH6PUc2dX3S
QN/GbkrebrhSpiKqmKYhvy6KWI3sCJgjHw0nqZocqyL2Rz3FrofGrrbJqRTp9Drp7O8c1wUAAMti
iAqMlP9Cjq5dscT7bqP+E/06tw3A0wZejhz/6vp4Rpe/hnXEaTf9fjix/9mZgGMoEOnvV7+x/4hL
BSV3xR/P/37K49b56VGgsq1PZ33Z/65pTo73ueCor8k5/ncSnJwO17imfx6Hhmq02jCl/uuFNGWx
0V24M/JP9Lc5R3NyHM/fS/3z3h/mMs91AQDAkvg2BzeommZwutN79BtT1wod7rraDzes80BNg36j
u7++/tPvoUCka8qA49LsKNcKi0553LrL+G+1q3exaU57QvTVvV4GY4eZXNu30XqnIsXlWir/q6v4
1+7bGwxPafV7a5QD12H3d0fvvRKOTHFdAACwLAIOuNEUBUf7NQCGii4O6b+m27Du/67f4C16r+03
0ldF//XH6556mtHdFJ2n67i0njmOW/91YwKA/vCZMc3iPGKWkLHyQK+P33IV6wszqryjOp8GhkPF
Roemeu1ev3NfFwAALIMaHHCj6wVHx0zv2f93iv+s1jdvS3cxdc5HN/SlgKP+G7KQO8vYzZjS7F/b
fZI+tsF4ixw5cs69kObye+Y4bkN2Q4/S3/StuxosOe/ObFvE81ZTT85a5SZ+OkU624Kn6yh2PXri
cN6mDqda24EeTbeq8/EUzGVKse295qS4aD6u0fKs6wIAgPf21QFH0zRHf3Lni3pRFFEURZRlGcWd
QxBulXM+mlnB08T3dang6Ljm3vBsJo/YNfrKTmBxmJVi6Al3W/uh7ZZ/3Micr/7GY6Y/bl2rooj1
wOwkEenhFU0ecDRNpDgtrBnxV08iOkOYooiqyQ/P+tM3RXhSNc3RPrS9NbrXXH962H7vo7mvCwAA
luErA46cc2y326gvzH7Rhh5VVUVRFLFaraIsbxuGcIu6rmO73e4Djp+fn1nXx2PagqPH050WUaY8
qiU7V+OrP5tKOytF2e/ePzC9bHe62H7vj0enh53KnI3W/mwjS7Bt6qhzsx+acu747IKQXbHP4xlc
Xi/HrjdR2QvYmlzv/7vfm6gfqggzAACI+MKAo2ma2Gw2R701xr5ntVrFen17t+dLxoQtvKeh6U7X
RTGqkORQ7YkpClA2uYmyM2yh7bfRr7/RXe86ulOI7qaLPal3MNMQh1vNddxWRXESbuyGozT7YTMp
dj0jLgUJr9DkHP/qKiJ2YUDbA6JIcdITpUgpfooy/vf3+ndRN81RoNsdptKvDTMUts11XQAAsCxf
FXDcE250VVUVOef4+fl5i+3h9TZNHf9XHm6jIqWT7vRDTocJpEmeqldNjnWnnX5o7Hbrbxwafk0+
roNRDDTg3+1p/7FpjttpjYfdFKPnhnOsUhE/b9jDalek9fDvMu2G3HTPf/E3Heq7hFYRu3oi697w
ql0vjvxXG6bz2oHgYq7rAgCAZfmagCPnPBgmpJRitVpFURT7Rl7OOZqmibquo+l9ma7rOqqqitXq
sUNXVVVst/1SeizNYMHRdH2Yw/CMJ7tilpe0NTXOaWfXKDqBRb+eRr9+QZ1zrC68vnmjhvAcxy1F
OhmScync+HvT22jjqKHtrXMTdd3E/5Wrk5CjfrP2f927j9oir/1CukP7Odf9BADAsnxNwNGtb9Eq
yzLW6/VJMc+U0r7uxlAQsd1uoyzLu4qAtkFLPzhhufoFR8doZ7doG53tDBjb5vJQpZ+y2D/ZrvNw
0cjuciOOp90cmgHk2jSd1bWpTZ5ojuPWv4135Vcv73M/BHq2VbHbnyJ2n1fbprl4DPrXxBvlM3tV
bmLVHS5VpCjy8Zaem8J3zvsJAIDlWFZFvTu1vTG6iqIYDDf6VqvV4JCUqrp9DHtd1/Hv3z/hxodp
C47eql9LYP3XaD1n1fl9kYZnzxha7rXhJtde/24NvqmPW/+QpDidYvd0ea+NCIpIfz0c0n6bLm1z
/3fvdUZ3+lMR93vW5Csztsx1PwEAsBxf04OjKIqjYGFMuNEqyzLKsjwKSeq6Hl1w9FIh0ZRSrNfr
2Gw2o5bFexoqOHrNtqmj7NXH+C3LqJoU9V9jrm3krYrToSPnnjb3p4s9/t1QgcZ88oS/9Y51DKY+
bkP7/1uUsWmaowZ1OyXrO8y00u/tkCLit1xF1TT7/WuPQb8GR8R0RWN3dUhuOB454r8XCpxWuYmf
NFzbpLpyLc51PwEAsBxfEXAURRG/v7/7nhw55yhubKT0A47cK854SV3Xg+HGuSEyLFO/4Oi971kV
xd+Neb6IZc6Xe430p4uNuDwbSn0m4HiX6WH7pj5u/f1PKcVvWUbOxb7J259Z5pV37VDtl3ZYxrWe
CFVuJguuUud/b3jDWXWTIxfDLzs3PKVrrvsJAIBleP2jyCdqh6XcMwvKIyFEW8S0u6x2O4Qbn6Nt
dN76nn91fdNz45xz/GsuF8EcCjIuNWqHXv9O08P2TX3ctk09GOa008L2h0ps3mBa501T33x+6jfZ
9nN2vWmGA6gxvSvmup8AAFiGrwo4HvHoVK5tmFEURfz8/Dw8CwvvaXtHN/c6N/Gvrkb1lqhyE/+r
66tP4PszpURcDjja6WLHvv4dTH3c/tX11YCq/lvOuzSG/9V1bJr66ufTrk5MHf8uDA95F0NFbesb
gsM57icAAJYh5Udb7l9iaDaV//znPzcto2mas0Nj/vvf/x79++fnJ8ryfJfqb/HfqnqbxuQzpNjV
B0iR9rN75BzRRN513/+iY3GLKY9bf1k573qzVLl5OOicU/lXAyZFHG13c6U45ydzPwEAPC5Fiv8s
5AH9MrbyDfRraNwTPtxa94NDQ+1b7J60f9EOT2TK47bUc1DnJurlbfaslnouAQDeyZKqKmhxj1BV
1cnUrnpXPEd6aSlHAACA77akNpmA44rtdnsyNKWdNpb53TLtKgAAANNaUpvMEJU4LSCac95PKdvv
udHOxMJzFMu5lwAAAD7OktpkAo6I+Pfv36jigWVZxnq9NrXrExUL6g4FAADwaZbUJhNwjLRer03t
+gIppShSMo0jAADAkxUpLeoBvxocI1VVdTKTCs+xpDFfAAAAn2JpbTEBx0g559hsNrHZbEYNZ2E6
q+QyBQAAeLaltcWMuYiI39/fo3/nnCPnHHVdn/TaqOs6cs7x8/OzqK46S1YYpgIAAPBUbTtsSQQc
ESdBRfvvsiyjaZrYbrdHs6m0P/v5+Xnqdn6zMhXRZEOEAAAAnqFcWO+NCENUriqKIn5/f6Mojg/V
UO8O5rMqXKoAAADPssQ22PK2+EWGhqRUVfWirfk+KSLWRfnqzQAAAPh466Jc0OSwBwKOkVJKJ9PE
Nk2j4OgTrYoi0iJvMwAAgGVIkRbZeyNCwHGT/jCViBBwPNGuF4dLFgAAYC7roljsY2WtxRsMzZoi
4HiuVVEsstgNAADAuytTsdjeGxFfFnDUda1uxgfQiwMAAGB6S29rffw0sTnnfbDR9rYoy3KwN8aY
ZfXdsxweU6QUP0UZm8YsNgAAAFP4KcooFt6+XXY8M9J2uz0KJ+6d3nXofQKO11gVy+46BQAA8C4+
pX21/D24IqUUZXk8veh2u42maW5aTtM0J8Nb7u0JwjR+ijJW6nEAAADcbZWK+CnK6y9cgK9oHfan
d42I2Gw2owuENk0Tm81m1HJ5rp+yVHQUAADgDmUq4qf8jHAj4gtqcETspncty/JoiEnOOf79+xfr
9fqkh0f3NXVdx3a7PfldWZaD08aeW86ts63knC/2Mkkp6T3y57csY1NHVPm2XjkAAADfavVh4UZE
RMpfMs9pzjk2m81gaNAOY2kDizZcOFeroyiK+Pn5GR0w1HU92APkEavVKtbr9aTLXLpNU0d149Aj
AACAb7MqPmdYStdX9OCI2IUYPz8/gyFHznn09LG3hhs8z09RRhHJ7CoAAABn/BTlRxQUHfI1AUfE
IeSoqmp0oNFVlmWs12vhxhtbFUUUKcW2aaI2ZAUAACAidvU21n/tpU/1VQFHxC7kaOtuVFU1asrY
siz3f3h/RUrxW5ZRNbugI8dXjMICAAA4kSLF+kOmgb3ma2pwnNPW22ia5qgQaEopiqKIoij02Fiw
HBFV08TWsBUAAODLrP+Go3xLi/brAw6+Qxt01LmJxiUPAAB8qCKlKFPxVcFGS8DB12lyjuov6BB2
AAAAS1ekFEVKsUqfXWPjGgEHXy3nHE3kaPIu+MiRI+dQtwMAAHg7KVKktPt7F2pEFJGUVfgj4AAA
AAAW7/PLqAIAAAAfT8ABAAAALJ6AAwAAAFg8AQcAAACweAIOAAAAYPEEHAAAAMDiCTgAAACAxRNw
AAAAAIsn4AAAAAAWT8ABAAAALJ6AAwAAAFg8AQcAAACweAIOAAAAYPEEHAAAAMDiCTgAAACAxRNw
AAAAAIsn4AAAAAAWT8ABAAAALJ6AAwAAAFg8AQcAAACweAIOAAAAYPEEHAAAAMDiCTgAAACAxRNw
AAAAAIsn4AAAAAAWT8ABAAAALJ6AAwAAAFg8AQcAAACweAIOAAAAYPEEHAAAAMDiCTgAAACAxRNw
AAAAAIsn4AAAAAAWT8ABAAAALJ6AAwAAAFg8AQcAAACweAIOAAAAYPEEHAAAAMDiCTgAAACAxRNw
AAAAAIsn4AAAAAAWT8ABAAAALJ6AAwAAAFg8AQcAAACweAIOAAAAYPEEHAAAAMDiCTgAAACAxRNw
AAAAAIsn4AAAAAAWT8ABAAAALJ6AAwAAAFg8AQcAAACweAIOAAAAYPEEHAAAAMDiCTgAAACAxRNw
AAAAAIsn4AAAAAAWT8ABAAAALJ6AAwAAAFg8AQcAAACweAIOAAAAYPEEHAAAAMDiCTgAAACAxRNw
AAAAAIsn4AAAAAAWT8ABAAAALJ6AAwAAAFg8AQcAAACweAIOAAAAYPEEHAAAAMDiCTgAAACAxRNw
AAAAAIsn4AAAAAAWT8ABAAAALJ6AAwAAAFg8AQcAAACweAIOAAAAYPEEHAAAAMDiCTgAAACAxRNw
AAAAAIsn4AAAAAAWT8ABAAAALJ6AAwAAAFi81bZpXr0NAADAQ3KkSJEiIkVE3v/Jfz+5T+ott112
RETTWc/Z7Umxf3+OiJwjmv27rm9X0VlGq4kcOec79q3d0nZrjt+bIqIsikj58Np2S5ucT/YzRY4i
IlJnMTnS32u7y979q9gfi7z/6e6Y5Gj2W/CI3T6l/b+6W/zosu/Zlletm2+2evUGAAAAt+o30NO+
SXn892ONy34ztb+O89KugZ13f6eT94zbrnYZf6lD5Lz72X37droVJ+vL7XFN+/Xvfna6ZW2AE539
O4RApwFKzsdhyGFJY1wPc3bb0wk4cjfkeqbcCVkO/yvo4BkEHAAA8CGmb8q2zfUUTfRDjmtBQ9q/
It/ZuG0b6Ckf/+z0Vf1tPiedfU3bU6NIxz+71hPm+p51j8PhHW3vjXFGrCW1PW3+zlJKEbkbL80f
MBzW38q9/xVyMC8BBwAALMqUDcXrQwm6/S/y0c/HuLSd44OJMetK++Dg/uPThhyn6x5a3mnfiPND
dnYhR5P7g1em6WlzGEJ0HC9ESpEGhtfMIfX+tANm8sC1A3MRcAAAwKJMEW7c3tw8fccj29E29FPn
J/cNZTgMFUntgh5qTB8Cksvbsy/V0Rl3cq1HxnBAdC0EuvU497d/bofjAlceugAAIABJREFU1A04
Dr995rbw7QQcAADAFY+FGadN3r+eBvtw4FCv45bltnUnis425jRcFPT89vSdH8bSX8ruP3bLGxqG
cvF9o4/pLSHHcf+V8UNgHtMPNdqfPTtqAQEHAAB8jDG9IE4Dh/Hvvcfp8lJEpyDm7n+bFH81I8Y2
6NPR/x4qW3RnKrm0r4/v52GIyS2zhtyy3v38MxeWkf+G1kQUf8e06WzV84qMHo7p7UOZYBoCDgAA
+AhjmpJDDftnFn489Lro1ovI+2oN3Qb99fodxxFJ7P87pdTpvTBHccuh0OSWeiNj9eeeGerl0haC
zdH0fnV52M/QNt1fu+TwX4dpgdufTFFnBMYQcAAAwOKN7UHw6kbmtalObyleelwto406TmcnOZ60
9GCqHivje5vct/TDcJ7dvu7Cm370ETG2t0Z3kEy/BspjBVrbvw9HXP8NnkvAAQAAi9d/Zn7tif2c
Qcf14pw5R6TU9tg4fec4f436nCNSZ+/zUK+B/r7P1fCe9hi34cZhOM9uqc1+Ctj+ue7v2/A2dJe7
3+p8b8jRn2VnKNZ4dbDGtxBwAADARxg3ROLQ92HM+241LjjYDadIkdLh9c2+wT5+m9oGfr+Y5rkG
9qFRf3jPI9PKnuoPXXmkkOjfz9JhdpLdT7sDVYaWf32d/RooKXLklKJ5KOSA1xNwAADAhxuqVXGI
OR5t4A8NlrgcHOyjhdz/2elWXpZG7cN++tJOT4ic2qEe6er7T7dyymEp50KhoXN2PMfLPf1Q0t//
9EOTeSd0fVbvIb6dgAMAABZnfEM7xWFa1u6AjbY5O03I0W14Hxrmhz4Sp8sebkgPFe/s//ycKyFH
+itu2klV8t+/rzfqp59hJvX+67T3yqF3StvrpP3p0LwqY50epTmKsJ4j3GBeAg4AAFicoelDL9fd
SAOvuK/XxHnFUdnK42lUh0KO8/I+JulXFxkOG8YtO/VSgcOyT9+fev+aKghql72bTebws8PwkIO2
F0wTbVDV1jB5sJ9Fjsip94MYOhbPLMQKjxNwAADAhzvXvGzjgymGJaTe363xU7+ebtvRkJJo63Tc
b9wWdHq8HBXhnKi3S86RiuIoDMoRUaRuyHHcYyPyYc3HYc890mGZnf07nZnlaKNDSMESCDgAAGCR
xlRMOAQYQ69+ZKhDfy0RaaImcD4KN7qVKIoUUbdTfnRef63x3YYjRTr+2WBPiH1tz/0ErRMU4TxI
6XSIyOmwnv4mdcOHx4/yYcaZfPKzY7fUJ4HXE3AAAMAHaxuuu2EO/cEt08Qb53oVTFewsp07pN3+
24entCFHt9fE4Dambghxuqb8aAeOk5+kXtB038wo92/HtWEo/SMm7OB9CTgAAGCxxs57cZhW9Lgu
RruMaZzrITK8njFJweH3jw/NuL3HyuDWTXC4Dr1JOnPO5LlmMLlm7A4JNnh/Ag4AAPgI5wKD1Bng
0K+zMGW4cfqEP5+s7/Cby8v6Gz7RG1LSDBbXHPrZY/uVj4pwHob5TDVMZN+bZJ9v9JcP3EPAAQAA
H69TsHK2mgrdmUai91/99V1afxsopF3D/++l+agA56V3tmu+fx9z5GhyW4cj94pwTjOjyHHx0FuH
fzyyf9fee3zW5grEYA4CDgAA+CrzNlKn6YWQ/np/pEgD06cev/KvRGf7P/l8v5Gx6973PcnTFWId
crydY87LbcVVry9n+P3tNLbtf++OwWPFVeEZBBwAALBoY+twPMtUDeC2p8P5EKCdyrXo/Ox4tpN7
t2e66XOvr2estv/I8ZCjqQOHNtzoFqRNEdEcrRfeU3H9JQAAwPv7hCfr5+ppHCaM7b+2O0XtvnGe
zk1ae0up0nc5nrueE93goTj0W4mpw610dCwPR+FdjgZcogcHAAAs3tKbn/2hFxFj9ulc9HHayyHi
[...]
bhz2mtdEVm9c+9//rUu+dmGitmzYsEFnnvF+XXL55fqnU04ue/yOHTt03jmf0MoVK0oet3LFCn3q
3E/q6v+3WJMmT07UFrSvz/7X83p8zWirmxHw6y/v2+om9LyeDzhyuZyy2fBaGK3hVZGgveUcV2lf
H800TJmhzlm5pS/DDBlFy5aW6vRN3KlijutqfKJKyZWrrGOrz9zZeTQNQ2nTKlr+tpltrCdXCrTZ
q7hJUplQriK3E18Pv1o+C9Xq9NcMALrdW992UiDg+MX/3qwzP3RWySHSdy1ZEtg+5dRTi6oe7/3N
b4rCjUMOPVTvOOVk7Tl3rlzX1bPPPKObb7xJf/7TnwrHXPjlL+uVr3pl2ZDlK1/4YuH67rvvrtcf
e6xmzZ6t9evW6q4ldwaqUn7/6KP61S236NR3vavkOdH+Hl8zqmVP7mh1M9BmejbgiJvnopUYmtIZ
8sNP3ML8G/nFH3b+Q550+Uu/cGfaVfHymGHhOT+ScH3/lSaWvp1YxcKTH57gFD2HZrWxnvKrcKio
MsGxy0+iGa40KJ70N3h8J7wefrV8FqrVia9ZuHUMmgHQ7v7foms0c5eZiY7dffc5eu/7zyhsH/73
f6/5++yjNc88I0l65uln9IfHH9chhx4aef+RkRH98uc7h6NMmjxZx77pjYFjhgYHdXEo3PjMBZ/X
GR/4QGBi0WMWLNCpp5+u//jWlVq8aJEkaXx8XFdcdrl+fM2iRM/nQx/9iD700Y9q2rRphX1r167V
Z887P1DdceMNPw0EHN/74Q8L/85/87LL9ZPFiwu3XX/TjXrlq15V2G7EZKgA6qcnA47wRKLtwLZt
hqZ0kJzjxH6bER7akET4LoYUWII2LGWaRUvSVivr2LKsnb8KDElp09K4Hfw8trKN1XLlynacwJwP
5sSyr+MlKgfSEZNght/XTnw9ykn6WahWN7xmlmGIOjsA7ezmG29MfOwxCxYEAo5UKqVT33Warrjs
8sK+e+6+OzbgePCBBzQ0OFjY/qeTT9Yuu+wSOOZXt9xSmEhUkj5w5pn6wJlnRp6vr69Pn/z0p/TY
ypWFCU9/t3SpVv/1r2WXvj3t3afr3PPPL6oemTdvni689BK9/cR/KOz74x/+oC1btmjWrFmSgqFF
+P6mYTLJP9BBeiqC9Ko2oubbMAxDfX19LWtXeGhKKtWT2VPHsF0ntnNczeoproqrPvpNq+jba0OG
+kwrMJSgVo7rKhtqs2UYxRUMLWxjLbKOU/ROmYahSamU+i1LadMszNXRZ1qaZKWUjvh2JjzsqFNf
j1KSfhaq1YmvWbi9pmFokpVSn2mp38p/XgCgmxy3cGFg++c3/6/GxsYij/31bbcFtv/hpJOKjvnf
G28qXE+lUjrzQ2eVfPxUKqVTTw8OH3l85WMl7yNJH/3Yx2JXfPm7/fYrCmm2btlS9pwAOk9PBRy2
bUeukmJZlvr7+1uWzuZyuUDgYpomAUcHiJpI1FuRoqrzRYRu/ZalyVZKkyZ+JqdShcqCetYfZR27
qCOXtsyicvxWtrFarvKTWIYZyg9/SJuW+iyrsHRpeI4IScpEvD5SZ74e5ST9LFSr016zqPl0TMOY
qC4xGbACoOvMmzdPx73lLYXtzZs26ZGHHy46btPGjVry6zsK2/sfcIAOOSwYIvzt+ef1pyefLGy/
+fjjtetuu5Vtw8tf8YrA9po1z5Q8/uhjjilaGSVs/j77BLZHR0bKtgNA5+mpXnQqlZJt24V5LgzD
UCqVammYEDU0JZ1OJ1pzHK2Vcx2lQhmhXcMcKlnHlmkYRSX5RsRSma7rKuM46q9jKJcNnc+QobRp
KuObZLLVbayW7Toat6U+y6qoQ+oq/5zjqnI69fUoJ8lnofpzd9Zr5k5UtURV9QBAO/rRoqs1d95e
iY6Nq15++zv+UXffeWdh++4ld+qYBQsCxyy977eBv2FPPf1dRV8Wrl27NrD92IoVevc7Ty3brkwm
E9jesrl0tcXe8+eXPWf4ubbRSHUAddRTAYeU/+U2Pj4uwzCUTqdbOlFQ1NCUVrcJyXmTiRaWIFXl
q6eEjdu2+kyzaP4HP9t1lLGdsqt8VMp2HdmuERgukDJN5UKTTLayjbWwXUdjOVdp05Rllv7m3ZXk
TDyHchU5nfp6lJL0s1CtTnvNsk5+vpa0WVzJwt/HANrNHnvuqX1etk/5A0s4esECzd51V23etEmS
dMsvf6nzPv0pTZ8xo3DMr265JXCfNx93XNF5BrcNBrY3bNigDRs2VNyecqsMTp7Ckq8A8nou4PDm
2miHECE80SlDU4oZMqoe8lGt0QomVBxLeKwrVyO5JFMTuso4trKOo5RpyJAhw8h/y+AFKN5nxnVV
9pw5x6loTpD8sqHlvqVvbRtr4U60XY4jy8gvWWpIgfa7rlthUNX61yPJ57Den4Xa3rfOeM2iHsM0
DHnxmBMxp0i17QGAdjJ58mS987TT9KPvf1+SNDY6quUPPKCFJ54oKb+6yv8tX144/qR/fHvkEJFc
or99yvOvigI02nveMEsnvWa6Zk7NVyRtG7Z16yNDuva3zNvSCXqyN90O4UZ4PpBWTnLazrxOT69x
5SobMcdHO+mENsbLL/Vr17H5nf16tEYnvmaO66p42loA6D4LTzyhEHBI0h233V4IOO79zW8Cx779
H/8x8hyTJgcrKz79+c/FHltKX39/xfcBKjVjqqVff2lfvXp+cUXQ2/5+hi545+5697fW6PE1oy1o
HZLqyYCj1eJWTWHejWL579fpTAAAADTTAS9/uQ7/+9fo0YcfkSQtueMOvfDCC9p11131y5//vHDc
nnP31GuPOCLyHLuFJhQd3LpNs3fdtXGNBqo0Y6qlBy7bX3vvFv+F89679enXX9pXJ160mpCjjbW+
lKEHhYemWJbF0JQYUStaAAAAoLEMw9AppwYnBF3229/qj3/4g576y18K+049/fTYKuS9588P/I17
9113Ra5oGBZeYRBotG+csUfJcMMzY6qly8/YowktQrUIOJosamhKOp1uYYvam0m+AQAA0BLHvulN
gWEmt/7yFt1x2+2BY96ycGHs/QcGBgJLzj69erV+c9ddZR/3J9cs1glvPk6XX3Kp7r7zTo2NjVXR
+uoYoaHsg0ODMUeiW+y9W5/e84ZZiY9fcOC0yGEsaA8EHE0Ut2oKQ1PilV7rAgAAAI0yc+ZMvePk
fypsP/R//6efLF5c2D72TW/U/H1Kr9jyT6ecHNi+7OJLtOrPf449fuWKFfrhVVdp7XPP6SeLF+uK
yy5vaqXz9OkDge3f3ntfYJvKku6z4MDKJ7E96TUzyh+ElmBcRBNFDU0JrxeOIGNipYt6LE0JAADQ
7b74uc8XTe5ZSjqV0o8XXxN7+z+cdJJuuPa6yNvecfIpZc9/9IIFev2xx2rpffmgYMOGDXr/e96r
j59zjt503Ju1+5w5cl1XmzZu1J13LNEPr7pKw8PDhft/5Oyzmxpw7Lf//oHta//rvzQ6OqLDX/P3
GhzcpvXr1usLX/5S09qDxtsrwdAUdA4CjiZhaEr1CDgAAACSeWzlyoqOLxeGHHrYYdpv//0D825I
0qxZs3TM6xeUPb9pmvry176q97/nPVq/br0kaWhwUJdedJEuvegi9ff3y7Zt5XLFy3e/+fjj9bZ3
VL7qSi1ed+SRmjNnjjZs2FDY97833qT/vfGmQpsAtC+GqDQBQ1NqkzL4mAIAALSCZVl652mnFe1/
52mnacqUKYnOsceee+pHixZp/wMOKLptfHw8Mtx4/bHH6pLLvt70LwSnTp2qiy77OgsA9JBbH6l8
npU/PMsqKu2KnmMTMDSlNubEMBUAAAA033FvKa5aWPgPJ1Z0jpftu6/++/rrdM4nP6npM+LnL9hz
7p76wle+rO98/6qSxzXS0ccco/++4XoddczRRbfN3nV2C1qERnp8zaie25RJfPzQiK2lT+5oYItQ
C8NlppyA0dFgGtfX11dTGJHL5QLVG4ZhqL+/P1H1Rr3b0smyjqOsU35ZMQAAALS3kZER/fEPf9Cz
a9Zo+9B2pVIpzZg5Qy972b464BUvj112thVefPFFbdq4UZZpadbs2drtJbs1vQ3+7pp3PXzpOE7h
x7bt/GXO1ss/saH4hB1oxw0HF+078cLVWlanoGHBgdP06y/vm+jYd39rjX71cHTVR6Pb2Up/+Pp0
pVIpmaZZuPS+uDcMo3AZ9yOp6LpfvUY3UHvVQK7rFpXcMTSlOinTJOAAAADoAlOmTNFrX/c6vfZ1
r2t1U8p6yUteope85CWtbgYabNmTO/TRH6zVD8+eV/K4z/7X87HhBtoDQ1QaKDw0JZVK9WwFRq0M
SWmT1w4AAABA/f3Pb7foqM/9JXJOjt89uUMnXrhaV92+sQUtQyWo4GiQXC5XtGpKJZMVMXKoWMo0
lXMcueK1AQAAAHrBggOnNe2xHl8zqtO/uUYzplp69d75FYYef3ZUg8NUkncKAo4GiFo1xXVdjY2N
1XTeTKZ48pvJFaxz3unyVRymMgxVAQAAANAgg8N2V8yb0YsYotIAjuO0ugldK2Waslg2FgAAAAAQ
Qk8RHSdt8rEFAAAAAATRU0THMQ1DfUw4CgAAAADwYQ6OBjBNU5MmTarpHK7ranx8PLAvnU6zCsuE
lGnKkascw4EAAACArvXcxuJ5CCXpPW/YRQsOnNrk1lQurv1oDAKOBjAMoyHnMAyjLufuFn2mJblS
ziXkAAAAALrRszEBwXvfMKvJLalOXPvRGAxRQUfrsywmHQUAAAC62K2PDLa6CVXp1HZ3sp7qGbqu
K8dxSv5Ueh/XdVvwTODXb1lKEXIAAAAAXenSm17Q0Ijd6mZUZGjE1qU3vdDqZvScnhqi4jiOMpnK
SoSy2WzJ21OplNLpdC3NQh30WZbkiDk5AAAAgC7z+JpRfeQHa/Wjs+dp+pT2n5NwaMTWR36wVo+v
GW11U3pOTwUc6G59piVThjJOZ6W7AAAAAEr71cODWvrkDr33DbP0ttdMb3VzYv3qkSH9z2+3aHCY
PkkrEHCgq6RMU6ZhKOs4spl8FAAAAOgag8O2rrp9o666fWOrm4I2xcQF6DqmYajfstRnWjLEqjMA
AAAA0At6qoLDsixNnjy51c1IrJPa2o5SpinLNJVzHGUZtgIAAAAAXa2nAg70HkNS2jSVmgg6bNeR
w8o3AAAA6AGGIfGnL2pldFBRPAEHeoIXdKRlynFd5SaCDsIOAAAAdBN/X7TPMjSe4+9d1Cbd/gvX
FBBwoOeYhqE+I/9/qeu6cuTKcSXHdeXKletKrviHAAAAAJ1oZ8QxpZ+AA7Wb0tc5JRwEHOhphmHI
kiGrc/6fBQAAQA9xfRXH3nX/peu6ck1XjuPkf0xHuZwhW4ZmTjW1dZiVBVGbGVN2dpaMNh+vwioq
AAAAANCFdhugu4fazZ7W3qGGH594AAAAAOhw4W/WDcPQHrt00OQJaFsvnWFEfr7aEQEHAAAAAHSB
cKdzr92YkQC1mzs7GBu0a7ghEXAAAPD/27u7H/mSuo7jn6rTPTNLArosC7Lgb/3BLs+4sstmd5El
yMLysCaAGEQJkSA+BIOJhpB4gzHxxr/AC+OFd8CFiRfEC2MMGC82PJj4FL1AASMXEogJMfx2uqvK
i5nqqa6u89TdM93nnPcrmfTp02dO1yy9G+rT328VAACjEiegD/4EAQd294p7hxMbDGekAAAAAIAN
6Tfq6fFrXjY/xHAwMq9+6VVsUPdZOxYEHAAAAAAwMsYYPfCSmX7seUz5sL0X3GV0+157lGFGCZ92
AAAAABiRdDL6yG2qOLC9h26VqzeOFQEHAAAAAIyAMWajheDxV50ecEQYukdvVxufqWMOOgg4AAAA
AGBk4iT0yVcTcGB7jz8wrMhgWKMFAAAAAGxIv1W31q7Ovfq+GbupYCuvuNfowZdcrb9x7AuMSgQc
AAAAADBaxhg9/dNnhx4GBugdr6uK4cYxI+AAAAAAgJFI10iIj8+8iTYV9PeuN1SStPZ5Ovagg4AD
AAAAAEag1EJgjNGrXjrTEw+eHGpYGKBHb1s98OLNsCw/PjYEHAAAAAAwQunk9MOP06aC7t7/8Oba
G8ccbEQEHAAAAAAwIrGVIP35+YfPdPve6tBDwwDcusfo6debYrvTsSPgAAAAAICRyCei6QT1Y2+7
6xBDwsB85LHyziml58eGgAMAAAAARsZau1bBIUkffQtVHGh26x7pQ4+sLyo6hMVFIwIOAAAAABio
0sQzn5Cmk9TffCdVHKj38bdeBGMxIJPKa3D0DTxuKiAh4AAAAACAEYqhRlrN8YFHTvXEg/NDDw1H
6NHbRu99Q3kNFyo4AAAAAAAHUVo7If787nvYUQWbfuvtF2GYpNVjVAo64nF+bfraTSPgAAAAAIAB
6Tp5zNfhiD9vvDXXp95JyIErn3jS6HX3aa3iJ21T6eOQ1R4EHAAAAAAwALuse5CHHL/9rjO9+TYL
jkJ60y3p194aaqs0mnZS6fNanX0GIgQcAAAAADBAXbbwzIONtKrjcx98nu46GcbaCrgeZ3PpM+8O
a5+P9DMiNbenpM+PYZ0OAg4AAAAAGIl8olnXpmKt1StfUukPf4FWlSn7/fcF/dSLzMbnJA85or4V
GjcdehBwAAAAAMCR2rbMP/8GPj2XTl7f+9Bcn376ZL+DxiD8xtuCnnrtegiWbw/btXqji5sIOwg4
AAAAAGDAun6TXteu8utvP9WvPMHWsVPyi48EfeyJ9XU3qupiTZa6rWFLoVmXHVS2DUS2QcABAAAA
AAPT51vzpnCjqioZY/TZZ070gYdZdHQKnnmj1+885Yufgz7rb9QtYpu/dpMIOAAAAABgILp8O153
Lg838taEP/jgKSHHyD3zRq/PvscXFxWtW68lqgsw6sKMQ6zRQcABAAAAACPQ9I2IbDWnAAASFklE
QVR6ek7S2qQ2/fb+cx840S8/TsgxRh96+CLciKFG+r97bDUphRtNFRzHsHNKioADAAAAAI7Yrt+E
55PTOJmtCzk+8965PvUUIceYfPJJp0+/wxWreEoVHFFd0NG2Rkd6rvR4XWbXencAAAAAwLUwxiiE
0Om8tVbee4UQVpNZ55ystQohrEIOSQoh6BNPzvSyu43+6C+X+tHiRv4cXIOzufTZdzs99dogY64q
N2KwUdeW0lTF0aVS6FAIOAAAAABgQPIAI30ej/NJZun1GHqkIUcIYXXt068PeuDFM/3xl5y+8e3N
IAXH7aGXe/3eu5zuv0ercCMNNEoLi7ZVa+QtTnUOsf6GJJlQivwAAAAAAEcjn7bF56XHph/nnEII
q2oO7/3qxzm38Rh//vQrXn/2FaaOQ/GrTzh9/C1urQ0l/YnhRr4OR1PrSl07S9vOK3XVHQQcAAAA
ADBR6dQtP84DjvQ4hhl5sJEHHHVBx3K5VAhB//LfXn/yt15f/c+b/bvR3SP3e33yZ5d67X1XlRb5
Wit52FEKL9pCjRiM9GlpqVufY58IOAAAAABgALpUcbRVcsQQoxR2xECjLuyIx3/1T9Kf/33Qd35w
s38/6v3k3UEffczp6de51sqLGHL0qdQovdZl3Y7SY368TwQcAAAAADAA+2pTqQs4YpCRtrLkAUca
kvzF14O++DWj/yLoOJiX3x30oYed3v/QVTuKpMZqjLT6om/AcczVGxIBBwAAAAAMRlObSnzcpoqj
1K5SquooVXn89b8afekfpa9/+3C7Z0zNm255ve8NTk+9xm8s/NlWfdH1uqZrdqneKD3fFwIOAAAA
ABiIm6jiqFubIw898gVL/+N70t/8m9FX/l361vcJO/bt/nuCnnzQ6+detdTtF61XSqQBRP48r7ro
E2x0bU+RDru46OreBBwAAAAAMBz7qOJI21DqKjny4zTQyCs58vDkm9+TvvYtq3/4jvTP37X64Z2b
/Wc0Bs8/k15/n9fPvNzrzfc73X5RWAUYaYhQCh3qWkq6VG80BRzHXL0hEXAAAAAAwKBsW8WRnsuD
ia47rTQtSpqHHJJWj9/+vvTN71l96/vSd/9X+p8fGv3g/4x+eEf60bnRwklTmpgaSfNKuusk6Pln
0gufF/TiFwTd9+PSrbu9Xnmv160XhsZ1LdoCh3ytjC7hRd01be9VN8b8uPR8r/9cCTgAAAAAYFj2
VcVRtxZH3Wt51Ucp4Eh/L3//dJxMRdc1BQF1bSB5S0qpgqNPZUZdtUYp5CiN55DVG5I0u9a7AwAA
AACulTGmGBak5+smltZaOeeKk2lrrbz3q0dJqqpqFWjkE+N4Pr5vvE8edMTjFGHHlaZgIz0uhR1N
lRalIKMpFMnPl8ZZN9ZDIeAAAAAAgJFIw4U03GgKQLpUDqQhR6waiFUa1trVfYwxqwqO+DuloCOK
5w45KT4mTS0eTVUcTe0jTeFG2+82vZ6Pr+5vabtunwg4AAAAAGBg8tCib4ghaXU+DS/i70R5sJEe
x99PW1LSb/vzlpQ86MjfK712qvoGHE3VHNtUcbTdozTWunEfAgEHAAAAAAxQl1CjVM1RUhdklF5L
19dIz8X3SV+vqkrSevVGfv8pBxoldUFCU5tK6VyfdpS6MKM0lqbX2/6G60bAAQAAAAAjUGpLqWtV
KU0420KONLiIz/OwI6qqam1x0TT8CCGsXo8IOdbVVXKUwoW2io6+YUd6rnT/ujF2DTuuEwEHAAAA
AAzUtq0q+e9ETSFHPFdXwVHaljYPNvL3rtviduq6hgl17SVtLShNr7e1rtSFLPlYD4GAAwAAAABG
qGurSn6uLeSI55u2n62r3kjfry5wwZW6kKMUcOTP+4YXTa+XxtM23i7X7xsBBwAAAAAMWFMVRynk
kNbDhSg9V1p3I/8pBR/pe9aFHF3HMjVtLR511Rvp8S4/TYuKNlVtHLJiI0fAAQAAAAAD16VVpS74
SNWFHCVNVRzpe+TBRnyf/P1KY5iipiqIuqChqZVkl3Cj9Lz02Dbum0LAAQAAAAAjVhd+7CPkSO/X
tz0lfSy995TVBQf7aFPp8pO/R/7eTWMsPb8pBBwAAAAAMAJ9W1WaQo5UGnLUhRmlcbRVbqSP8Zhw
40JdYNC3TaXufFq1kV9Td9/SuOrOHYoJU2xuAgAAAICRKlVF5MdNj3nFRfrce18MN5rOlY6bxobd
Ao70uC7wSFtS8uub7l83nqax3yQCDgAAAAAYmX2EHHXHMeRIz/UJNpraU3BlmzaV9Lj03FrbeE3T
/dvGVXp+0wg4AAAAAGBkStO8fYYckmqDjtLv5OfqxoMr+6riiMellpT0uOn+pTEdW7ghEXAAAAAA
wCjtI+SIj3Xn4toc21RtEHC061vFUTqXV220HZcem45Lzw+FgAMAAAAARqpvyFE61yW8SIOOpuua
xoCyprUvmh7rgo2mc6XHpuOmc4dAwAEAAAAAI9Y15EiP+1ZzpI9560qX92sb71TUBQV9Qo62YCN/
releTcdtYz4EAg4AAAAAGLl9hBzxuGtrS17V0XRcN8Ypa2oD6bMOR5/HunOl53XnDomAAwAAAAAm
YJuQIz3u+lg6F8OO0jiYktZrChlipUZ6fpcgo+8aG8cWbkgEHAAAAAAwGV1aQrZZo6PumqbXaU8p
qwsOSoFG3XHfCo0+LSlN5w+NgAMAAAAAJmTbkKPuuOu5tvdBWVs1xS5raXS5V9N7HxsCDgAAAACY
mLpp4C5BR3rcN9RgWrqpa/XEthUZY2hJyRFwAAAAAMAEbRNy5M/7Hje9b9trU9I33OjzWt9go+n8
sSHgAAAAAIAJ23fQsc1zdLNNu8q2z9vOHyMCDgAAAACYuK4hR+ncNmEG09D+tqnq2OZ52/ljRsAB
AAAAAJC036Cjzzl012V9jG2v6fLaMSPgAAAAAACs9F0jo0+IwfRzP/osArrrtUNCwAEAAAAA2LDN
YqC7BBtMTdd1CRv6BhVjrNpIEXAAAAAAAIrapou77IjCVLSftgBi26qMMQQbEQEHAAAAAKDRPiow
mHru167BxZiCjYiAAwAAAADQSdfp476vm7I+QcQubS1jQMABAAAAAOitz1SSaef12Hf4MXQEHAAA
AACAre0ypWQ62s224cQUQo0UAQcAAAAAYC+YXh7e1EKN1OzQAwAAAAAAjEM+uSbwuBlTDjVSBBwA
AAAAgGtRmngTeuyGMKMeAQcAAAAA4MYwQcd1sYceAAAAAAAAwK4IOAAAAAAAwOARcAAAAAAAgMEj
4AAAAAAAAINHwAEAAAAAAAaPXVQwaSEEeQX5IPkQFBQUghTE1lUAAAAAjouRkTEXj9YYWSNZGXam
uWTCRDYh9t7LObd6bozRbNY933HOyXu/em6tVVVVex0jboYPQcvg5UOQn8bHHwAAAMCIXYQdRjNj
ZSccdkymgiOEsBZQSFJVVZ2SrhCClsvl2jkSsmEJkpbey10GGwAAAAAwFvHL26W8rDGqjNXMWk1t
1jqZgKPEe9+pCiMPRjAcMdhYeNd6LQAAAAAM3UXY4bTwTnNbTSromHTA4ZzrFHCkrS0Yjotgw7Oe
BgAAAIBJWninpfea24uKjrGbdMAR21Zsw//QIQRNZJmS0fAhaHHZjgIAAAAAUxYUdO6dXAia23Gv
0THpgENSa8CxbfWG936ttcUYI2tt7dodaYgSr4kBTHzNGMPCpi2W3uucdhQAAAAAWOOCl3NeJ5dt
K2M0yYCjqqpVcOGca9xNJQ0p0t+r45zbWJA0Za3VfD7fOL9YLFZBxunpqZbLZfG9lsul5vN5Yygz
VeeX5VcAAAAAgLJz7+QVdGLH9+X5JGfJsZoiqltENK+eaNs5ZblcNoYb8Z7n5+eNbS914UaUhiG4
cO4INwAAAACgi6X3Oh/hWpOTrOAIIchauwo2nHPFioi8eqOJc24tlLDWrrahja0m8fW47WypkiPe
S5Jms9kqVEl/P17TVHkyJc85x3obAAAAANDDMngFJ52OaBmEyc6Qq6paVVvESo28QiMPLJq2i00r
N6qqWgsfYsWItVaLxWL1nk3rf5ycnKyNJ14Xx8TWtRfOCTcAAAAAYCsueJ076WQkIcckW1SitCoj
DwzS502Lg+bXGmNqKytiVUfde6bjKr1f+ru0qFyuuUG4AQAAAABbW4bxbNQw6YAjrZ7I17xIn7e1
p+RhSJP0Xq7mQ8QCou2W3rPmBgAAAADswVjmV5OeSaeVGSGEVVVEXDMjva5JWk3Rdu1aZUZNEUZd
tUjbIqdT4UMYTcIIAAAAAMfg3Dv5gXcKTDrgkPKKiotQo8/iorui1aS/xQiSRQAAAAA4NkOfa00+
4FjbLvayLaVPe8quqMroZ+k9i4oCAAAAwDVwYditKpMPOOIOJ9JFNYVzblVVYYzpFECk17TtbpIv
SIrugoafKAIAAADAMVt4X7eawtGbfMAhrVdx5Nu99v39fLHSXL71LLpbeq8w2H/VAAAAAOD4BYXB
VnEww1Z9kNE1gMi3kV0sFsXrnHM3ur7HmFxUb7CwKAAAAABct4V3g/xqeXboARyLqqo2qiv6tJDM
ZrNVsOG913Pn56qSe6StL/H9aFHpbqgJIoDj88XPf0FfffZZ3blz59BDAa7F2dmZHn3sMX34I790
6KEAAAZs6b3mA+s6IOC4ZK3daXFRa61ms9lVi8vleh5N16I7FhYFsA9f/PwX9Hdf/vKhhwFcqzt3
7qw+54QcAIBtueA1H1jTx7BGe43yio1t1seoqkrz+byxMmM2m2k+n281xqnyIQx+P2YAx+Grzz57
6CEAN4bPOwBgF0Och02mjKCqqtaqjJOTk53vYa3VycmJQggbO6Y0hSZt7x2dnp52um5MllRvAAAA
AMCNWwavEzOctSOp4LgmxphVIFJVFTum7GBoqSGA4/XoY48degjAjeHzDgDY1dDmYpOp4MAwhQGW
RQE4XnE9AhYZxZixyCgAYF98CAohDGaDDBMCs0ccLxe8nqtZrBWojF1b2dmHoHO2EwYAAAD25rSq
VJlhdCRQwYGj5onf0MAYyQ4kTQYAAACGyAepGsj/5SbgwFE7RHvK3Fbq+u9v0MUYXQiXzwAAAABg
PIa0ZAABB45aOEBoMDOmd49ZDDoW3g3qPwAAAAAA0OQQc7JtDaORBpM1lKzASKqM0Vk1W1sTAgAA
AACGbChzMomAA0duSGlhNLeVZgNZhAcAAAAAmgxpTkaLCtBi6X3tv9JGF4tc5gtdzqtKbhkG9R8D
AAAAABgyAg6ghQtBLvjGa+a2WmtNMZJm1mrBlqUAAAAAcCOoowf2YOHdRghS9Vqo1Mh03ruln33e
97rGeN33BgAAADB+VHAAe7L0QVV19bwp3zAymlmr6nLHlvRSH4J8CFoG37gjizVmba2PWGmS3jtt
nYn3XXjfq3VmZq1mxq6N82LXGK+lv3rPtIIl6OJ92u5bGSub/f1XW+9e3J/tdwEAAAB0QcAB7Mlm
aFBOOOa20sza2nqFuKbHTFZL73XuvUqTfGsugowV7yVZnVhb3OY23reyVudus+KkdP2JrTbWF4l/
WWWsqkpaeqOF92tj8SFoofL9K2M1t7Z436t7G1Wm0twEnXvfOlYAAAAAoEUFuEEnl2t1dG3GmFmr
s6rq3L5xUlXFcCNl4nUN97TG6LSa1YYQ+Ri7bo1bGavTqhyaFMdqjE6qShW70gAAAABowawB2JON
NTey9pJYuZELCpftJaHYkmIvJ/lt8qoQ33BPI9WGEkZGp7Yqxh/xni6s16uU/q7SnU+qzevcZdvM
uXda+M22nKaxAgAAAEBEiwqwB0br62FIWmvQsMZsTNKDpIVzWm4sTrrZwnHRsmE7tWq4EHTu3FrL
TGXsZdVG8j7WSoVdXmaFFhcfgs69Wwsf4rob3cINaW7XF1INkp5zy41AY6GLQGNur0Id2+PvBwAA
ADBNfC0K7Ci2XeShgEsW2cxDgDi5z8MNSXLB6znnNib+XaoYfAh6zi031gNxwevcrYcZRiq2iszs
ZrhxpxBEBIVV1UU3Zm1ci8LfuHrN+0Lwwy4rAAAAAOpRwQG0mFureU0WmO+AEsVdUKJ8DYmFr5/c
S1fhwVl19a9oXCS06ffOCxUZkQteQetVHBejX6/0yP+ipntKF39LvmNL3XULf/V3lMKdtfH6oNna
rjQEHAAAAADq/T8ztvhXUvDX3AAAAABJRU5ErkJggg==
" width="800px"&gt;</msg>
<status status="PASS" starttime="20231227 17:49:03.291" endtime="20231227 17:49:03.655"/>
</kw>
<msg timestamp="20231227 17:49:03.656" level="INFO">criteria is com.google.android.calendar:id/speed_dial_groove_container
criteria is com.google.android.calendar:id/speed_dial_groove_container
criteria is com.google.android.calendar:id/speed_dial_groove_container
criteria is com.google.android.calendar:id/speed_dial_groove_container
criteria is com.google.android.calendar:id/speed_dial_groove_container
criteria is com.google.android.calendar:id/speed_dial_groove_container
criteria is com.google.android.calendar:id/speed_dial_groove_container
criteria is com.google.android.calendar:id/speed_dial_groove_container
criteria is com.google.android.calendar:id/speed_dial_groove_container
criteria is com.google.android.calendar:id/speed_dial_groove_container</msg>
<msg timestamp="20231227 17:49:03.657" level="FAIL">Element 'com.google.android.calendar:id/speed_dial_groove_container' did not appear in 5 seconds</msg>
<status status="FAIL" starttime="20231227 17:48:57.452" endtime="20231227 17:49:03.660"/>
</kw>
<kw name="Click Element" library="AppiumLibrary">
<arg>${CLICK_ON_GOALS}</arg>
<doc>Click element identified by `locator`.</doc>
<status status="NOT RUN" starttime="20231227 17:49:03.660" endtime="20231227 17:49:03.661"/>
</kw>
<kw name="Wait Until Page Contains Element" library="AppiumLibrary">
<arg>${CLICK_EXERCISE}</arg>
<doc>Waits until element specified with `locator` appears on current page.</doc>
<status status="NOT RUN" starttime="20231227 17:49:03.661" endtime="20231227 17:49:03.662"/>
</kw>
<kw name="Click Element" library="AppiumLibrary">
<arg>${CLICK_EXERCISE}</arg>
<doc>Click element identified by `locator`.</doc>
<status status="NOT RUN" starttime="20231227 17:49:03.662" endtime="20231227 17:49:03.663"/>
</kw>
<kw name="Sleep" library="BuiltIn">
<arg>2s</arg>
<doc>Pauses the test executed for the given time.</doc>
<status status="NOT RUN" starttime="20231227 17:49:03.663" endtime="20231227 17:49:03.664"/>
</kw>
<kw name="Wait Until Page Contains Element" library="AppiumLibrary">
<arg>${CLICK_WORKOUT}</arg>
<doc>Waits until element specified with `locator` appears on current page.</doc>
<status status="NOT RUN" starttime="20231227 17:49:03.665" endtime="20231227 17:49:03.665"/>
</kw>
<kw name="Click Element" library="AppiumLibrary">
<arg>${CLICK_WORKOUT}</arg>
<doc>Click element identified by `locator`.</doc>
<status status="NOT RUN" starttime="20231227 17:49:03.666" endtime="20231227 17:49:03.666"/>
</kw>
<kw name="Wait Until Page Contains Element" library="AppiumLibrary">
<arg>${CLICK_FREQUENCY}</arg>
<doc>Waits until element specified with `locator` appears on current page.</doc>
<status status="NOT RUN" starttime="20231227 17:49:03.667" endtime="20231227 17:49:03.667"/>
</kw>
<kw name="Click Element" library="AppiumLibrary">
<arg>${CLICK_FREQUENCY}</arg>
<doc>Click element identified by `locator`.</doc>
<status status="NOT RUN" starttime="20231227 17:49:03.667" endtime="20231227 17:49:03.668"/>
</kw>
<kw name="Wait Until Page Contains Element" library="AppiumLibrary">
<arg>${CLICK_LONG}</arg>
<doc>Waits until element specified with `locator` appears on current page.</doc>
<status status="NOT RUN" starttime="20231227 17:49:03.668" endtime="20231227 17:49:03.669"/>
</kw>
<kw name="Click Element" library="AppiumLibrary">
<arg>${CLICK_LONG}</arg>
<doc>Click element identified by `locator`.</doc>
<status status="NOT RUN" starttime="20231227 17:49:03.669" endtime="20231227 17:49:03.670"/>
</kw>
<kw name="Wait Until Page Contains Element" library="AppiumLibrary">
<arg>${CLICK_TIME}</arg>
<doc>Waits until element specified with `locator` appears on current page.</doc>
<status status="NOT RUN" starttime="20231227 17:49:03.670" endtime="20231227 17:49:03.671"/>
</kw>
<kw name="Click Element" library="AppiumLibrary">
<arg>${CLICK_TIME}</arg>
<doc>Click element identified by `locator`.</doc>
<status status="NOT RUN" starttime="20231227 17:49:03.671" endtime="20231227 17:49:03.672"/>
</kw>
<kw name="Wait Until Page Contains Element" library="AppiumLibrary">
<arg>${CLICK_MORE}</arg>
<doc>Waits until element specified with `locator` appears on current page.</doc>
<status status="NOT RUN" starttime="20231227 17:49:03.672" endtime="20231227 17:49:03.673"/>
</kw>
<kw name="Click Element" library="AppiumLibrary">
<arg>${CLICK_MORE}</arg>
<doc>Click element identified by `locator`.</doc>
<status status="NOT RUN" starttime="20231227 17:49:03.673" endtime="20231227 17:49:03.673"/>
</kw>
<kw name="Wait Until Page Contains Element" library="AppiumLibrary">
<arg>${CLICK_TOGGLE}</arg>
<doc>Waits until element specified with `locator` appears on current page.</doc>
<status status="NOT RUN" starttime="20231227 17:49:03.674" endtime="20231227 17:49:03.674"/>
</kw>
<kw name="Click Element" library="AppiumLibrary">
<arg>${CLICK_TOGGLE}</arg>
<doc>Click element identified by `locator`.</doc>
<status status="NOT RUN" starttime="20231227 17:49:03.675" endtime="20231227 17:49:03.675"/>
</kw>
<kw name="Wait Until Page Contains Element" library="AppiumLibrary">
<arg>${CLICK_SAVE}</arg>
<doc>Waits until element specified with `locator` appears on current page.</doc>
<status status="NOT RUN" starttime="20231227 17:49:03.676" endtime="20231227 17:49:03.676"/>
</kw>
<kw name="Click Element" library="AppiumLibrary">
<arg>${CLICK_SAVE}</arg>
<doc>Click element identified by `locator`.</doc>
<status status="NOT RUN" starttime="20231227 17:49:03.677" endtime="20231227 17:49:03.677"/>
</kw>
<kw name="Wait Until Page Contains Element" library="AppiumLibrary">
<arg>${SCHEDULE_SESSION}</arg>
<doc>Waits until element specified with `locator` appears on current page.</doc>
<status status="NOT RUN" starttime="20231227 17:49:03.678" endtime="20231227 17:49:03.678"/>
</kw>
<kw name="Click Element" library="AppiumLibrary">
<arg>${SCHEDULE_SESSION}</arg>
<doc>Click element identified by `locator`.</doc>
<status status="NOT RUN" starttime="20231227 17:49:03.679" endtime="20231227 17:49:03.680"/>
</kw>
<status status="FAIL" starttime="20231227 17:48:40.956" endtime="20231227 17:49:03.680">Element 'com.google.android.calendar:id/speed_dial_groove_container' did not appear in 5 seconds</status>
</test>
<status status="FAIL" starttime="20231227 17:48:40.613" endtime="20231227 17:49:03.682"/>
</suite>
<statistics>
<total>
<stat pass="0" fail="1" skip="0">All Tests</stat>
</total>
<tag>
</tag>
<suite>
<stat pass="0" fail="1" skip="0" id="s1" name="Calendar Android.CreateGoalsTest">Calendar Android.CreateGoalsTest</stat>
</suite>
</statistics>
<errors>
</errors>
</robot>
