<?xml version="1.0" encoding="UTF-8"?>
<robot generator="Robot 6.1.1 (Python 3.12.0 on win32)" generated="20231123 11:11:13.087" rpa="false" schemaversion="4">
<suite id="s1" name="Calender Android.CreateEventTest" source="D:\pythonProject\Test\Calender_Android.CreateEventTest.robot">
<test id="s1-t1" name="OpenCalenderApplication" line="39">
<kw name="Open Application" library="AppiumLibrary">
<arg>http://Localhost:4723/wd/hub</arg>
<arg>platformName=${platformName}</arg>
<arg>deviceName=${deviceName}</arg>
<arg>appPackage=${apppackage}</arg>
<arg>appActivity=${appActivity}</arg>
<arg>automationname=${automationname}</arg>
<doc>Opens a new application to given Appium server.
Capabilities of appium server, Android and iOS,
Please check https://github.com/appium/appium/blob/master/docs/en/writing-running-appium/server-args.md
| *Option*            | *Man.* | *Description*     |
| remote_url          | Yes    | Appium server url |
| alias               | no     | alias             |
| strict_ssl          | No     | allows you to send commands to an invalid certificate host like a self-signed one. |</doc>
<status status="PASS" starttime="20231123 11:11:13.623" endtime="20231123 11:11:32.732"/>
</kw>
<kw name="Wait Until Element Is Visible" library="AppiumLibrary">
<arg>${next-button}</arg>
<doc>Waits until element specified with `locator` is visible.</doc>
<msg timestamp="20231123 11:11:34.135" level="INFO">xpath criteria: //*[@class='android.widget.ImageButton']</msg>
<status status="PASS" starttime="20231123 11:11:32.742" endtime="20231123 11:11:34.135"/>
</kw>
<kw name="Click Element" library="AppiumLibrary">
<arg>${next-button}</arg>
<doc>Click element identified by `locator`.</doc>
<msg timestamp="20231123 11:11:34.143" level="INFO">Clicking element '//*[@class='android.widget.ImageButton']'.</msg>
<msg timestamp="20231123 11:11:34.527" level="INFO">xpath criteria: //*[@class='android.widget.ImageButton']</msg>
<status status="PASS" starttime="20231123 11:11:34.138" endtime="20231123 11:11:34.527"/>
</kw>
<kw name="Wait Until Element Is Visible" library="AppiumLibrary">
<arg>${next-button}</arg>
<doc>Waits until element specified with `locator` is visible.</doc>
<msg timestamp="20231123 11:11:35.663" level="INFO">xpath criteria: //*[@class='android.widget.ImageButton']</msg>
<status status="PASS" starttime="20231123 11:11:34.531" endtime="20231123 11:11:35.663"/>
</kw>
<kw name="Click Element" library="AppiumLibrary">
<arg>${next-button}</arg>
<doc>Click element identified by `locator`.</doc>
<msg timestamp="20231123 11:11:35.668" level="INFO">Clicking element '//*[@class='android.widget.ImageButton']'.</msg>
<msg timestamp="20231123 11:11:36.085" level="INFO">xpath criteria: //*[@class='android.widget.ImageButton']</msg>
<status status="PASS" starttime="20231123 11:11:35.664" endtime="20231123 11:11:36.085"/>
</kw>
<kw name="Wait Until Element Is Visible" library="AppiumLibrary">
<arg>${button-GotIt}</arg>
<doc>Waits until element specified with `locator` is visible.</doc>
<msg timestamp="20231123 11:11:37.244" level="INFO">xpath criteria: //*[@text='Got it']</msg>
<status status="PASS" starttime="20231123 11:11:36.089" endtime="20231123 11:11:37.244"/>
</kw>
<kw name="Click Element" library="AppiumLibrary">
<arg>${button-GotIt}</arg>
<doc>Click element identified by `locator`.</doc>
<msg timestamp="20231123 11:11:37.250" level="INFO">Clicking element '//*[@text='Got it']'.</msg>
<msg timestamp="20231123 11:11:37.456" level="INFO">xpath criteria: //*[@text='Got it']</msg>
<status status="PASS" starttime="20231123 11:11:37.246" endtime="20231123 11:11:37.456"/>
</kw>
<kw name="Wait Until Element Is Visible" library="AppiumLibrary">
<arg>${Create-Event}</arg>
<doc>Waits until element specified with `locator` is visible.</doc>
<msg timestamp="20231123 11:11:44.457" level="INFO">xpath criteria: //android.widget.ImageButton[@content-desc='Create new event']
xpath criteria: //android.widget.ImageButton[@content-desc='Create new event']
xpath criteria: //android.widget.ImageButton[@content-desc='Create new event']</msg>
<status status="PASS" starttime="20231123 11:11:37.492" endtime="20231123 11:11:44.458"/>
</kw>
<kw name="Click Element" library="AppiumLibrary">
<arg>${Create-Event}</arg>
<doc>Click element identified by `locator`.</doc>
<msg timestamp="20231123 11:11:44.468" level="INFO">Clicking element '//android.widget.ImageButton[@content-desc='Create new event']'.</msg>
<msg timestamp="20231123 11:11:45.904" level="INFO">xpath criteria: //android.widget.ImageButton[@content-desc='Create new event']</msg>
<status status="PASS" starttime="20231123 11:11:44.462" endtime="20231123 11:11:45.904"/>
</kw>
<kw name="Wait Until Element Is Visible" library="AppiumLibrary">
<arg>${Create-Event}</arg>
<doc>Waits until element specified with `locator` is visible.</doc>
<msg timestamp="20231123 11:11:49.415" level="INFO">xpath criteria: //android.widget.ImageButton[@content-desc='Create new event']</msg>
<status status="PASS" starttime="20231123 11:11:45.930" endtime="20231123 11:11:49.415"/>
</kw>
<kw name="Click Element" library="AppiumLibrary">
<arg>${Create-Event}</arg>
<doc>Click element identified by `locator`.</doc>
<msg timestamp="20231123 11:11:49.429" level="INFO">Clicking element '//android.widget.ImageButton[@content-desc='Create new event']'.</msg>
<msg timestamp="20231123 11:11:50.555" level="INFO">xpath criteria: //android.widget.ImageButton[@content-desc='Create new event']</msg>
<status status="PASS" starttime="20231123 11:11:49.421" endtime="20231123 11:11:50.556"/>
</kw>
<kw name="Wait Until Element Is Visible" library="AppiumLibrary">
<arg>${Add-Details-TextBox}</arg>
<doc>Waits until element specified with `locator` is visible.</doc>
<msg timestamp="20231123 11:11:55.551" level="INFO">xpath criteria: //android.widget.EditText[@text='Add title']</msg>
<status status="PASS" starttime="20231123 11:11:50.564" endtime="20231123 11:11:55.551"/>
</kw>
<kw name="Sleep" library="BuiltIn">
<arg>2s</arg>
<doc>Pauses the test executed for the given time.</doc>
<msg timestamp="20231123 11:11:57.571" level="INFO">Slept 2 seconds</msg>
<status status="PASS" starttime="20231123 11:11:55.571" endtime="20231123 11:11:57.572"/>
</kw>
<kw name="Input Text" library="AppiumLibrary">
<arg>${Add-Details-TextBox}</arg>
<arg>${Add-Title}</arg>
<doc>Types the given `text` into text field identified by `locator`.</doc>
<msg timestamp="20231123 11:11:57.579" level="INFO">Typing text 'Create Birthday Event' into text field '//android.widget.EditText[@text='Add title']'</msg>
<msg timestamp="20231123 11:12:01.451" level="INFO">xpath criteria: //android.widget.EditText[@text='Add title']</msg>
<status status="PASS" starttime="20231123 11:11:57.574" endtime="20231123 11:12:01.452"/>
</kw>
<status status="PASS" starttime="20231123 11:11:13.621" endtime="20231123 11:12:01.456"/>
</test>
<status status="PASS" starttime="20231123 11:11:13.096" endtime="20231123 11:12:01.459"/>
</suite>
<statistics>
<total>
<stat pass="1" fail="0" skip="0">All Tests</stat>
</total>
<tag>
</tag>
<suite>
<stat pass="1" fail="0" skip="0" id="s1" name="Calender Android.CreateEventTest">Calender Android.CreateEventTest</stat>
</suite>
</statistics>
<errors>
</errors>
</robot>
